{"session":"c5d0cd512356","build":"183.6156.29","bucket":"-1","time":1555627312648,"group":{"id":"system.os.name","version":"9"},"event":{"data":{"created":1555627312648},"id":"Windows"}}
{"session":"c5d0cd512356","build":"183.6156.29","bucket":"-1","time":1555627312648,"group":{"id":"system.os.version","version":"9"},"event":{"data":{"created":1555627312653},"id":"10.0"}}
{"session":"c5d0cd512356","build":"183.6156.29","bucket":"-1","time":1555627312648,"group":{"id":"system.jvm.vendor","version":"9"},"event":{"data":{"created":1555627312656},"id":"JetBrains_s.r.o"}}
{"session":"c5d0cd512356","build":"183.6156.29","bucket":"-1","time":1555627312648,"group":{"id":"system.jvm.version","version":"9"},"event":{"data":{"created":1555627312657},"id":"1.8"}}
{"session":"c5d0cd512356","build":"183.6156.29","bucket":"-1","time":1555627312653,"group":{"id":"settings","version":"9"},"event":{"data":{"created":1555627312657,"name":"activeMruEditorOnClose","value":false},"id":"UISettings"}}
{"session":"c5d0cd512356","build":"183.6156.29","bucket":"-1","time":1555627312653,"group":{"id":"settings","version":"9"},"event":{"data":{"created":1555627312658,"name":"activeRightEditorOnClose","value":false},"id":"UISettings"}}
{"session":"c5d0cd512356","build":"183.6156.29","bucket":"-1","time":1555627312653,"group":{"id":"settings","version":"9"},"event":{"data":{"created":1555627312658,"name":"allowMergeButtons","value":true},"id":"UISettings"}}
{"session":"c5d0cd512356","build":"183.6156.29","bucket":"-1","time":1555627312653,"group":{"id":"settings","version":"9"},"event":{"data":{"created":1555627312658,"name":"alwaysShowWindowsButton","value":false},"id":"UISettings"}}
{"session":"c5d0cd512356","build":"183.6156.29","bucket":"-1","time":1555627312653,"group":{"id":"settings","version":"9"},"event":{"data":{"created":1555627312659,"name":"animateWindows","value":true},"id":"UISettings"}}
{"session":"c5d0cd512356","build":"183.6156.29","bucket":"-1","time":1555627312653,"group":{"id":"settings","version":"9"},"event":{"data":{"created":1555627312659,"name":"closeNonModifiedFilesFirst","value":false},"id":"UISettings"}}
{"session":"c5d0cd512356","build":"183.6156.29","bucket":"-1","time":1555627312653,"group":{"id":"settings","version":"9"},"event":{"data":{"created":1555627312659,"name":"closeTabButtonOnTheRight","value":true},"id":"UISettings"}}
{"session":"c5d0cd512356","build":"183.6156.29","bucket":"-1","time":1555627312653,"group":{"id":"settings","version":"9"},"event":{"data":{"created":1555627312659,"name":"cycleScrolling","value":true},"id":"UISettings"}}
{"session":"c5d0cd512356","build":"183.6156.29","bucket":"-1","time":1555627312653,"group":{"id":"settings","version":"9"},"event":{"data":{"created":1555627312659,"name":"defaultAutoScrollToSource","value":false},"id":"UISettings"}}
{"session":"c5d0cd512356","build":"183.6156.29","bucket":"-1","time":1555627312653,"group":{"id":"settings","version":"9"},"event":{"data":{"created":1555627312660,"name":"disableMnemonics","value":false},"id":"UISettings"}}
{"session":"c5d0cd512356","build":"183.6156.29","bucket":"-1","time":1555627312653,"group":{"id":"settings","version":"9"},"event":{"data":{"created":1555627312660,"name":"disableMnemonicsInControls","value":false},"id":"UISettings"}}
{"session":"c5d0cd512356","build":"183.6156.29","bucket":"-1","time":1555627312653,"group":{"id":"settings","version":"9"},"event":{"data":{"created":1555627312660,"name":"dndWithPressedAltOnly","value":false},"id":"UISettings"}}
{"session":"c5d0cd512356","build":"183.6156.29","bucket":"-1","time":1555627312653,"group":{"id":"settings","version":"9"},"event":{"data":{"created":1555627312660,"name":"enableAlphaMode","value":false},"id":"UISettings"}}
{"session":"c5d0cd512356","build":"183.6156.29","bucket":"-1","time":1555627312653,"group":{"id":"settings","version":"9"},"event":{"data":{"created":1555627312661,"name":"hideKnownExtensionInTabs","value":false},"id":"UISettings"}}
{"session":"c5d0cd512356","build":"183.6156.29","bucket":"-1","time":1555627312653,"group":{"id":"settings","version":"9"},"event":{"data":{"created":1555627312661,"name":"hideNavigationOnFocusLoss","value":true},"id":"UISettings"}}
{"session":"c5d0cd512356","build":"183.6156.29","bucket":"-1","time":1555627312653,"group":{"id":"settings","version":"9"},"event":{"data":{"created":1555627312661,"name":"hideTabsIfNeed","value":true},"id":"UISettings"}}
{"session":"c5d0cd512356","build":"183.6156.29","bucket":"-1","time":1555627312653,"group":{"id":"settings","version":"9"},"event":{"data":{"created":1555627312662,"name":"hideToolStripes","value":false},"id":"UISettings"}}
{"session":"c5d0cd512356","build":"183.6156.29","bucket":"-1","time":1555627312653,"group":{"id":"settings","version":"9"},"event":{"data":{"created":1555627312662,"name":"leftHorizontalSplit","value":false},"id":"UISettings"}}
{"session":"c5d0cd512356","build":"183.6156.29","bucket":"-1","time":1555627312653,"group":{"id":"settings","version":"9"},"event":{"data":{"created":1555627312662,"name":"markModifiedTabsWithAsterisk","value":false},"id":"UISettings"}}
{"session":"c5d0cd512356","build":"183.6156.29","bucket":"-1","time":1555627312653,"group":{"id":"settings","version":"9"},"event":{"data":{"created":1555627312662,"name":"mergeEqualStackTraces","value":true},"id":"UISettings"}}
{"session":"c5d0cd512356","build":"183.6156.29","bucket":"-1","time":1555627312653,"group":{"id":"settings","version":"9"},"event":{"data":{"created":1555627312663,"name":"moveMouseOnDefaultButton","value":false},"id":"UISettings"}}
{"session":"c5d0cd512356","build":"183.6156.29","bucket":"-1","time":1555627312653,"group":{"id":"settings","version":"9"},"event":{"data":{"created":1555627312663,"name":"navigateToPreview","value":false},"id":"UISettings"}}
{"session":"c5d0cd512356","build":"183.6156.29","bucket":"-1","time":1555627312653,"group":{"id":"settings","version":"9"},"event":{"data":{"created":1555627312663,"name":"overrideConsoleCycleBufferSize","value":false},"id":"UISettings"}}
{"session":"c5d0cd512356","build":"183.6156.29","bucket":"-1","time":1555627312653,"group":{"id":"settings","version":"9"},"event":{"data":{"created":1555627312663,"name":"overrideLafFonts","value":false},"id":"UISettings"}}
{"session":"c5d0cd512356","build":"183.6156.29","bucket":"-1","time":1555627312653,"group":{"id":"settings","version":"9"},"event":{"data":{"created":1555627312663,"name":"pinFindInPath","value":false},"id":"UISettings"}}
{"session":"c5d0cd512356","build":"183.6156.29","bucket":"-1","time":1555627312653,"group":{"id":"settings","version":"9"},"event":{"data":{"created":1555627312663,"name":"presentationMode","value":false},"id":"UISettings"}}
{"session":"c5d0cd512356","build":"183.6156.29","bucket":"-1","time":1555627312653,"group":{"id":"settings","version":"9"},"event":{"data":{"created":1555627312664,"name":"reuseNotModifiedTabs","value":false},"id":"UISettings"}}
{"session":"c5d0cd512356","build":"183.6156.29","bucket":"-1","time":1555627312653,"group":{"id":"settings","version":"9"},"event":{"data":{"created":1555627312664,"name":"rightHorizontalSplit","value":false},"id":"UISettings"}}
{"session":"c5d0cd512356","build":"183.6156.29","bucket":"-1","time":1555627312653,"group":{"id":"settings","version":"9"},"event":{"data":{"created":1555627312664,"name":"scrollTabLayoutInEditor","value":true},"id":"UISettings"}}
{"session":"c5d0cd512356","build":"183.6156.29","bucket":"-1","time":1555627312653,"group":{"id":"settings","version":"9"},"event":{"data":{"created":1555627312665,"name":"showCloseButton","value":true},"id":"UISettings"}}
{"session":"c5d0cd512356","build":"183.6156.29","bucket":"-1","time":1555627312653,"group":{"id":"settings","version":"9"},"event":{"data":{"created":1555627312665,"name":"showDirectoryForNonUniqueFilenames","value":true},"id":"UISettings"}}
{"session":"c5d0cd512356","build":"183.6156.29","bucket":"-1","time":1555627312653,"group":{"id":"settings","version":"9"},"event":{"data":{"created":1555627312665,"name":"showEditorToolTip","value":true},"id":"UISettings"}}
{"session":"c5d0cd512356","build":"183.6156.29","bucket":"-1","time":1555627312653,"group":{"id":"settings","version":"9"},"event":{"data":{"created":1555627312665,"name":"showIconInQuickNavigation","value":true},"id":"UISettings"}}
{"session":"c5d0cd512356","build":"183.6156.29","bucket":"-1","time":1555627312653,"group":{"id":"settings","version":"9"},"event":{"data":{"created":1555627312665,"name":"showIconsInMenus","value":true},"id":"UISettings"}}
{"session":"c5d0cd512356","build":"183.6156.29","bucket":"-1","time":1555627312653,"group":{"id":"settings","version":"9"},"event":{"data":{"created":1555627312666,"name":"showMainToolbar","value":false},"id":"UISettings"}}
{"session":"c5d0cd512356","build":"183.6156.29","bucket":"-1","time":1555627312653,"group":{"id":"settings","version":"9"},"event":{"data":{"created":1555627312666,"name":"showMemoryIndicator","value":false},"id":"UISettings"}}
{"session":"c5d0cd512356","build":"183.6156.29","bucket":"-1","time":1555627312653,"group":{"id":"settings","version":"9"},"event":{"data":{"created":1555627312666,"name":"showNavigationBar","value":true},"id":"UISettings"}}
{"session":"c5d0cd512356","build":"183.6156.29","bucket":"-1","time":1555627312653,"group":{"id":"settings","version":"9"},"event":{"data":{"created":1555627312666,"name":"showStatusBar","value":true},"id":"UISettings"}}
{"session":"c5d0cd512356","build":"183.6156.29","bucket":"-1","time":1555627312653,"group":{"id":"settings","version":"9"},"event":{"data":{"created":1555627312666,"name":"showTabsTooltips","value":true},"id":"UISettings"}}
{"session":"c5d0cd512356","build":"183.6156.29","bucket":"-1","time":1555627312653,"group":{"id":"settings","version":"9"},"event":{"data":{"created":1555627312667,"name":"showToolWindowsNumbers","value":true},"id":"UISettings"}}
{"session":"c5d0cd512356","build":"183.6156.29","bucket":"-1","time":1555627312653,"group":{"id":"settings","version":"9"},"event":{"data":{"created":1555627312667,"name":"smoothScrolling","value":false},"id":"UISettings"}}
{"session":"c5d0cd512356","build":"183.6156.29","bucket":"-1","time":1555627312653,"group":{"id":"settings","version":"9"},"event":{"data":{"created":1555627312667,"name":"sortBookmarks","value":false},"id":"UISettings"}}
{"session":"c5d0cd512356","build":"183.6156.29","bucket":"-1","time":1555627312653,"group":{"id":"settings","version":"9"},"event":{"data":{"created":1555627312667,"name":"sortLookupElementsLexicographically","value":false},"id":"UISettings"}}
{"session":"c5d0cd512356","build":"183.6156.29","bucket":"-1","time":1555627312653,"group":{"id":"settings","version":"9"},"event":{"data":{"created":1555627312667,"name":"useSmallLabelsOnTabs","value":false},"id":"UISettings"}}
{"session":"c5d0cd512356","build":"183.6156.29","bucket":"-1","time":1555627312653,"group":{"id":"settings","version":"9"},"event":{"data":{"created":1555627312667,"name":"wideScreenSupport","value":false},"id":"UISettings"}}
{"session":"c5d0cd512356","build":"183.6156.29","bucket":"-1","time":1555627313160,"group":{"id":"settings","version":"9"},"event":{"data":{"created":1555627313160,"name":"autoSaveIfInactive","value":false},"id":"GeneralSettings"}}
{"session":"c5d0cd512356","build":"183.6156.29","bucket":"-1","time":1555627313160,"group":{"id":"settings","version":"9"},"event":{"data":{"created":1555627313160,"name":"confirmExit","value":true},"id":"GeneralSettings"}}
{"session":"c5d0cd512356","build":"183.6156.29","bucket":"-1","time":1555627313160,"group":{"id":"settings","version":"9"},"event":{"data":{"created":1555627313160,"name":"reopenLastProject","value":true},"id":"GeneralSettings"}}
{"session":"c5d0cd512356","build":"183.6156.29","bucket":"-1","time":1555627313160,"group":{"id":"settings","version":"9"},"event":{"data":{"created":1555627313160,"name":"saveOnFrameDeactivation","value":true},"id":"GeneralSettings"}}
{"session":"c5d0cd512356","build":"183.6156.29","bucket":"-1","time":1555627313160,"group":{"id":"settings","version":"9"},"event":{"data":{"created":1555627313161,"name":"searchInBackground","value":false},"id":"GeneralSettings"}}
{"session":"c5d0cd512356","build":"183.6156.29","bucket":"-1","time":1555627313160,"group":{"id":"settings","version":"9"},"event":{"data":{"created":1555627313161,"name":"showTipsOnStartup","value":true},"id":"GeneralSettings"}}
{"session":"c5d0cd512356","build":"183.6156.29","bucket":"-1","time":1555627313160,"group":{"id":"settings","version":"9"},"event":{"data":{"created":1555627313161,"name":"showWelcomeScreen","value":true},"id":"GeneralSettings"}}
{"session":"c5d0cd512356","build":"183.6156.29","bucket":"-1","time":1555627313160,"group":{"id":"settings","version":"9"},"event":{"data":{"created":1555627313161,"name":"supportScreenReaders","value":false},"id":"GeneralSettings"}}
{"session":"c5d0cd512356","build":"183.6156.29","bucket":"-1","time":1555627313160,"group":{"id":"settings","version":"9"},"event":{"data":{"created":1555627313161,"name":"syncOnFrameActivation","value":true},"id":"GeneralSettings"}}
{"session":"c5d0cd512356","build":"183.6156.29","bucket":"-1","time":1555627313160,"group":{"id":"settings","version":"9"},"event":{"data":{"created":1555627313162,"name":"useDefaultBrowser","value":true},"id":"GeneralSettings"}}
{"session":"c5d0cd512356","build":"183.6156.29","bucket":"-1","time":1555627313160,"group":{"id":"settings","version":"9"},"event":{"data":{"created":1555627313162,"name":"useSafeWrite","value":true},"id":"GeneralSettings"}}
{"session":"c5d0cd512356","build":"183.6156.29","bucket":"-1","time":1555627314100,"group":{"id":"ui.dialogs","version":"9"},"event":{"count":1,"data":{"created":1555627314100,"type":"show"},"id":"com.intellij.openapi.progress.util.ProgressDialog$MyDialogWrapper"}}
{"session":"c5d0cd512356","build":"183.6156.29","bucket":"-1","time":1555627314520,"group":{"id":"ui.dialogs","version":"9"},"event":{"count":1,"data":{"code":1,"created":1555627314521,"type":"close"},"id":"com.intellij.openapi.progress.util.ProgressDialog$MyDialogWrapper"}}
{"session":"c5d0cd512356","build":"183.6156.29","bucket":"-1","time":1555627314549,"group":{"id":"statistics.lifecycle.project","version":"9"},"event":{"count":1,"data":{"created":1555627314549,"project":"-870078351"},"id":"project.opened"}}
{"session":"c5d0cd512356","build":"183.6156.29","bucket":"-1","time":1555627314550,"group":{"id":"lifecycle","version":"9"},"event":{"count":1,"data":{"created":1555627314550},"id":"project.opened"}}
{"session":"c5d0cd512356","build":"183.6156.29","bucket":"-1","time":1555627315102,"group":{"id":"ui.dialogs","version":"9"},"event":{"count":1,"data":{"created":1555627315102,"type":"show"},"id":"com.intellij.openapi.progress.util.ProgressDialog$MyDialogWrapper"}}
{"session":"c5d0cd512356","build":"183.6156.29","bucket":"-1","time":1555627316496,"group":{"id":"settings","version":"9"},"event":{"data":{"created":1555627316496,"name":"XDebugCanAcceptExternalConnections","project":"-870078351","value":true},"id":"PhpDebugGeneral"}}
{"session":"c5d0cd512356","build":"183.6156.29","bucket":"-1","time":1555627316496,"group":{"id":"settings","version":"9"},"event":{"data":{"created":1555627316496,"name":"XDebugShowAddresses","project":"-870078351","value":false},"id":"PhpDebugGeneral"}}
{"session":"c5d0cd512356","build":"183.6156.29","bucket":"-1","time":1555627316496,"group":{"id":"settings","version":"9"},"event":{"data":{"created":1555627316496,"name":"breakAtFirstLine","project":"-870078351","value":false},"id":"PhpDebugGeneral"}}
{"session":"c5d0cd512356","build":"183.6156.29","bucket":"-1","time":1555627316496,"group":{"id":"settings","version":"9"},"event":{"data":{"created":1555627316496,"name":"detectPathMappingsFromDeploymentConfigurations","project":"-870078351","value":true},"id":"PhpDebugGeneral"}}
{"session":"c5d0cd512356","build":"183.6156.29","bucket":"-1","time":1555627316496,"group":{"id":"settings","version":"9"},"event":{"data":{"created":1555627316497,"name":"hideEmptySuperglobals","project":"-870078351","value":true},"id":"PhpDebugGeneral"}}
{"session":"c5d0cd512356","build":"183.6156.29","bucket":"-1","time":1555627316496,"group":{"id":"settings","version":"9"},"event":{"data":{"created":1555627316497,"name":"ignoreConnectionsThroughUnregisteredServers","project":"-870078351","value":false},"id":"PhpDebugGeneral"}}
{"session":"c5d0cd512356","build":"183.6156.29","bucket":"-1","time":1555627316496,"group":{"id":"settings","version":"9"},"event":{"data":{"created":1555627316497,"name":"importUseStatementsFromContext","project":"-870078351","value":true},"id":"PhpDebugGeneral"}}
{"session":"c5d0cd512356","build":"183.6156.29","bucket":"-1","time":1555627316496,"group":{"id":"settings","version":"9"},"event":{"data":{"created":1555627316497,"name":"listeningStarted","project":"-870078351","value":false},"id":"PhpDebugGeneral"}}
{"session":"c5d0cd512356","build":"183.6156.29","bucket":"-1","time":1555627316496,"group":{"id":"settings","version":"9"},"event":{"data":{"created":1555627316497,"name":"localPassConfigurationOptions","project":"-870078351","value":true},"id":"PhpDebugGeneral"}}
{"session":"c5d0cd512356","build":"183.6156.29","bucket":"-1","time":1555627316496,"group":{"id":"settings","version":"9"},"event":{"data":{"created":1555627316497,"name":"notifyIfSessionWasFinishedWithoutBeingPaused","project":"-870078351","value":true},"id":"PhpDebugGeneral"}}
{"session":"c5d0cd512356","build":"183.6156.29","bucket":"-1","time":1555627316496,"group":{"id":"settings","version":"9"},"event":{"data":{"created":1555627316497,"name":"safeEvaluationMode","project":"-870078351","value":true},"id":"PhpDebugGeneral"}}
{"session":"c5d0cd512356","build":"183.6156.29","bucket":"-1","time":1555627316496,"group":{"id":"settings","version":"9"},"event":{"data":{"created":1555627316497,"name":"showArrayChildrenInRepl","project":"-870078351","value":true},"id":"PhpDebugGeneral"}}
{"session":"c5d0cd512356","build":"183.6156.29","bucket":"-1","time":1555627316496,"group":{"id":"settings","version":"9"},"event":{"data":{"created":1555627316498,"name":"showPreConfigInRemoteDebug","project":"-870078351","value":true},"id":"PhpDebugGeneral"}}
{"session":"c5d0cd512356","build":"183.6156.29","bucket":"-1","time":1555627316496,"group":{"id":"settings","version":"9"},"event":{"data":{"created":1555627316498,"name":"showPreConfigInWebPage","project":"-870078351","value":true},"id":"PhpDebugGeneral"}}
{"session":"c5d0cd512356","build":"183.6156.29","bucket":"-1","time":1555627316496,"group":{"id":"settings","version":"9"},"event":{"data":{"created":1555627316498,"name":"xdebugForceBreakWhenNoPathMapping","project":"-870078351","value":true},"id":"PhpDebugGeneral"}}
{"session":"c5d0cd512356","build":"183.6156.29","bucket":"-1","time":1555627316496,"group":{"id":"settings","version":"9"},"event":{"data":{"created":1555627316498,"name":"xdebugForceBreakWhenOutsideProject","project":"-870078351","value":true},"id":"PhpDebugGeneral"}}
{"session":"c5d0cd512356","build":"183.6156.29","bucket":"-1","time":1555627316496,"group":{"id":"settings","version":"9"},"event":{"data":{"created":1555627316498,"name":"zendDebuggerAutoDetectHosts","project":"-870078351","value":true},"id":"PhpDebugGeneral"}}
{"session":"c5d0cd512356","build":"183.6156.29","bucket":"-1","time":1555627316496,"group":{"id":"settings","version":"9"},"event":{"data":{"created":1555627316498,"name":"zendDebuggerCanAcceptExternalConnections","project":"-870078351","value":true},"id":"PhpDebugGeneral"}}
{"session":"c5d0cd512356","build":"183.6156.29","bucket":"-1","time":1555627316496,"group":{"id":"settings","version":"9"},"event":{"data":{"created":1555627316498,"name":"zendDebuggerIgnoreZRaySystemRequests","project":"-870078351","value":true},"id":"PhpDebugGeneral"}}
{"session":"c5d0cd512356","build":"183.6156.29","bucket":"-1","time":1555627316496,"group":{"id":"settings","version":"9"},"event":{"data":{"created":1555627316499,"name":"XDebugCanAcceptExternalConnections","project":"-870078351","value":true},"id":"PhpDebugGeneral"}}
{"session":"c5d0cd512356","build":"183.6156.29","bucket":"-1","time":1555627316496,"group":{"id":"settings","version":"9"},"event":{"data":{"created":1555627316499,"name":"XDebugShowAddresses","project":"-870078351","value":false},"id":"PhpDebugGeneral"}}
{"session":"c5d0cd512356","build":"183.6156.29","bucket":"-1","time":1555627316496,"group":{"id":"settings","version":"9"},"event":{"data":{"created":1555627316499,"name":"breakAtFirstLine","project":"-870078351","value":false},"id":"PhpDebugGeneral"}}
{"session":"c5d0cd512356","build":"183.6156.29","bucket":"-1","time":1555627316496,"group":{"id":"settings","version":"9"},"event":{"data":{"created":1555627316499,"name":"detectPathMappingsFromDeploymentConfigurations","project":"-870078351","value":true},"id":"PhpDebugGeneral"}}
{"session":"c5d0cd512356","build":"183.6156.29","bucket":"-1","time":1555627316496,"group":{"id":"settings","version":"9"},"event":{"data":{"created":1555627316499,"name":"hideEmptySuperglobals","project":"-870078351","value":true},"id":"PhpDebugGeneral"}}
{"session":"c5d0cd512356","build":"183.6156.29","bucket":"-1","time":1555627316496,"group":{"id":"settings","version":"9"},"event":{"data":{"created":1555627316499,"name":"ignoreConnectionsThroughUnregisteredServers","project":"-870078351","value":false},"id":"PhpDebugGeneral"}}
{"session":"c5d0cd512356","build":"183.6156.29","bucket":"-1","time":1555627316496,"group":{"id":"settings","version":"9"},"event":{"data":{"created":1555627316499,"name":"importUseStatementsFromContext","project":"-870078351","value":true},"id":"PhpDebugGeneral"}}
{"session":"c5d0cd512356","build":"183.6156.29","bucket":"-1","time":1555627316496,"group":{"id":"settings","version":"9"},"event":{"data":{"created":1555627316499,"name":"listeningStarted","project":"-870078351","value":false},"id":"PhpDebugGeneral"}}
{"session":"c5d0cd512356","build":"183.6156.29","bucket":"-1","time":1555627316496,"group":{"id":"settings","version":"9"},"event":{"data":{"created":1555627316500,"name":"localPassConfigurationOptions","project":"-870078351","value":true},"id":"PhpDebugGeneral"}}
{"session":"c5d0cd512356","build":"183.6156.29","bucket":"-1","time":1555627316496,"group":{"id":"settings","version":"9"},"event":{"data":{"created":1555627316500,"name":"notifyIfSessionWasFinishedWithoutBeingPaused","project":"-870078351","value":true},"id":"PhpDebugGeneral"}}
{"session":"c5d0cd512356","build":"183.6156.29","bucket":"-1","time":1555627316496,"group":{"id":"settings","version":"9"},"event":{"data":{"created":1555627316500,"name":"safeEvaluationMode","project":"-870078351","value":true},"id":"PhpDebugGeneral"}}
{"session":"c5d0cd512356","build":"183.6156.29","bucket":"-1","time":1555627316496,"group":{"id":"settings","version":"9"},"event":{"data":{"created":1555627316500,"name":"showArrayChildrenInRepl","project":"-870078351","value":true},"id":"PhpDebugGeneral"}}
{"session":"c5d0cd512356","build":"183.6156.29","bucket":"-1","time":1555627316496,"group":{"id":"settings","version":"9"},"event":{"data":{"created":1555627316500,"name":"showPreConfigInRemoteDebug","project":"-870078351","value":true},"id":"PhpDebugGeneral"}}
{"session":"c5d0cd512356","build":"183.6156.29","bucket":"-1","time":1555627316496,"group":{"id":"settings","version":"9"},"event":{"data":{"created":1555627316500,"name":"showPreConfigInWebPage","project":"-870078351","value":true},"id":"PhpDebugGeneral"}}
{"session":"c5d0cd512356","build":"183.6156.29","bucket":"-1","time":1555627316496,"group":{"id":"settings","version":"9"},"event":{"data":{"created":1555627316500,"name":"xdebugForceBreakWhenNoPathMapping","project":"-870078351","value":true},"id":"PhpDebugGeneral"}}
{"session":"c5d0cd512356","build":"183.6156.29","bucket":"-1","time":1555627316496,"group":{"id":"settings","version":"9"},"event":{"data":{"created":1555627316500,"name":"xdebugForceBreakWhenOutsideProject","project":"-870078351","value":true},"id":"PhpDebugGeneral"}}
{"session":"c5d0cd512356","build":"183.6156.29","bucket":"-1","time":1555627316496,"group":{"id":"settings","version":"9"},"event":{"data":{"created":1555627316500,"name":"zendDebuggerAutoDetectHosts","project":"-870078351","value":true},"id":"PhpDebugGeneral"}}
{"session":"c5d0cd512356","build":"183.6156.29","bucket":"-1","time":1555627316496,"group":{"id":"settings","version":"9"},"event":{"data":{"created":1555627316500,"name":"zendDebuggerCanAcceptExternalConnections","project":"-870078351","value":true},"id":"PhpDebugGeneral"}}
{"session":"c5d0cd512356","build":"183.6156.29","bucket":"-1","time":1555627316496,"group":{"id":"settings","version":"9"},"event":{"data":{"created":1555627316501,"name":"zendDebuggerIgnoreZRaySystemRequests","project":"-870078351","value":true},"id":"PhpDebugGeneral"}}
{"session":"c5d0cd512356","build":"183.6156.29","bucket":"-1","time":1555627316538,"group":{"id":"toolwindow.v2","version":"9"},"event":{"count":1,"data":{"created":1555627316538,"data_1":"Windows"},"id":"Project_by_Activation"}}
{"session":"c5d0cd512356","build":"183.6156.29","bucket":"-1","time":1555627316840,"group":{"id":"statistics.lifecycle.app","version":"9"},"event":{"count":1,"data":{"created":1555627316840},"id":"ide.start"}}
{"session":"c5d0cd512356","build":"183.6156.29","bucket":"-1","time":1555627316840,"group":{"id":"lifecycle","version":"9"},"event":{"count":1,"data":{"created":1555627316840},"id":"app.started"}}
{"session":"c5d0cd512356","build":"183.6156.29","bucket":"-1","time":1555627316935,"group":{"id":"statistics.ui.tips","version":"9"},"event":{"count":1,"data":{"created":1555627316935},"id":"shown.automatically"}}
{"session":"c5d0cd512356","build":"183.6156.29","bucket":"-1","time":1555627316955,"group":{"id":"ui.dialogs","version":"9"},"event":{"count":1,"data":{"created":1555627316955,"type":"show"},"id":"com.intellij.ide.util.TipDialog"}}
{"session":"c5d0cd512356","build":"183.6156.29","bucket":"-1","time":1555627317218,"group":{"id":"ui.dialogs","version":"9"},"event":{"count":1,"data":{"code":1,"created":1555627317219,"type":"close"},"id":"com.intellij.openapi.progress.util.ProgressDialog$MyDialogWrapper"}}
{"session":"c5d0cd512356","build":"183.6156.29","bucket":"-1","time":1555627317498,"group":{"id":"statistics.lifecycle.project","version":"9"},"event":{"count":1,"data":{"created":1555627317498,"project":"-870078351"},"id":"project.open.time.3"}}
{"session":"c5d0cd512356","build":"183.6156.29","bucket":"-1","time":1555627317498,"group":{"id":"lifecycle","version":"9"},"event":{"count":1,"data":{"created":1555627317498,"time.ms":3796},"id":"project.opening.finished"}}
{"session":"c5d0cd512356","build":"183.6156.29","bucket":"-1","time":1555627322308,"group":{"id":"ui.dialogs","version":"9"},"event":{"count":1,"data":{"code":1,"created":1555627322309,"type":"close"},"id":"com.intellij.ide.util.TipDialog"}}
{"session":"c5d0cd512356","build":"183.6156.29","bucket":"-1","time":1555627334303,"group":{"id":"statistics.actions.main.menu.v2","version":"9"},"event":{"count":1,"data":{"created":1555627334304,"data_1":"Windows"},"id":"File_->_Open..."}}
{"session":"c5d0cd512356","build":"183.6156.29","bucket":"-1","time":1555627334310,"group":{"id":"actions.v2","version":"9"},"event":{"count":1,"data":{"context_menu":true,"created":1555627334310,"place":"MainMenu","data_1":"Windows"},"id":"OpenFile"}}
{"session":"c5d0cd512356","build":"183.6156.29","bucket":"-1","time":1555627334335,"group":{"id":"ui.dialogs","version":"9"},"event":{"count":1,"data":{"created":1555627334335,"type":"show"},"id":"com.intellij.openapi.fileChooser.ex.FileChooserDialogImpl"}}
