{"session":"2be72f497d02","build":"183.6156.29","bucket":"-1","time":1555626345460,"group":{"id":"system.os.name","version":"9"},"event":{"data":{"created":1555626345460},"id":"Windows"}}
{"session":"2be72f497d02","build":"183.6156.29","bucket":"-1","time":1555626345460,"group":{"id":"system.os.version","version":"9"},"event":{"data":{"created":1555626345464},"id":"10.0"}}
{"session":"2be72f497d02","build":"183.6156.29","bucket":"-1","time":1555626345460,"group":{"id":"system.jvm.vendor","version":"9"},"event":{"data":{"created":1555626345468},"id":"JetBrains_s.r.o"}}
{"session":"2be72f497d02","build":"183.6156.29","bucket":"-1","time":1555626345460,"group":{"id":"system.jvm.version","version":"9"},"event":{"data":{"created":1555626345469},"id":"1.8"}}
{"session":"2be72f497d02","build":"183.6156.29","bucket":"-1","time":1555626345464,"group":{"id":"settings","version":"9"},"event":{"data":{"created":1555626345469,"name":"activeMruEditorOnClose","value":false},"id":"UISettings"}}
{"session":"2be72f497d02","build":"183.6156.29","bucket":"-1","time":1555626345464,"group":{"id":"settings","version":"9"},"event":{"data":{"created":1555626345469,"name":"activeRightEditorOnClose","value":false},"id":"UISettings"}}
{"session":"2be72f497d02","build":"183.6156.29","bucket":"-1","time":1555626345464,"group":{"id":"settings","version":"9"},"event":{"data":{"created":1555626345470,"name":"allowMergeButtons","value":true},"id":"UISettings"}}
{"session":"2be72f497d02","build":"183.6156.29","bucket":"-1","time":1555626345464,"group":{"id":"settings","version":"9"},"event":{"data":{"created":1555626345470,"name":"alwaysShowWindowsButton","value":false},"id":"UISettings"}}
{"session":"2be72f497d02","build":"183.6156.29","bucket":"-1","time":1555626345464,"group":{"id":"settings","version":"9"},"event":{"data":{"created":1555626345470,"name":"animateWindows","value":true},"id":"UISettings"}}
{"session":"2be72f497d02","build":"183.6156.29","bucket":"-1","time":1555626345464,"group":{"id":"settings","version":"9"},"event":{"data":{"created":1555626345470,"name":"closeNonModifiedFilesFirst","value":false},"id":"UISettings"}}
{"session":"2be72f497d02","build":"183.6156.29","bucket":"-1","time":1555626345464,"group":{"id":"settings","version":"9"},"event":{"data":{"created":1555626345471,"name":"closeTabButtonOnTheRight","value":true},"id":"UISettings"}}
{"session":"2be72f497d02","build":"183.6156.29","bucket":"-1","time":1555626345464,"group":{"id":"settings","version":"9"},"event":{"data":{"created":1555626345471,"name":"cycleScrolling","value":true},"id":"UISettings"}}
{"session":"2be72f497d02","build":"183.6156.29","bucket":"-1","time":1555626345464,"group":{"id":"settings","version":"9"},"event":{"data":{"created":1555626345471,"name":"defaultAutoScrollToSource","value":false},"id":"UISettings"}}
{"session":"2be72f497d02","build":"183.6156.29","bucket":"-1","time":1555626345464,"group":{"id":"settings","version":"9"},"event":{"data":{"created":1555626345471,"name":"disableMnemonics","value":false},"id":"UISettings"}}
{"session":"2be72f497d02","build":"183.6156.29","bucket":"-1","time":1555626345464,"group":{"id":"settings","version":"9"},"event":{"data":{"created":1555626345472,"name":"disableMnemonicsInControls","value":false},"id":"UISettings"}}
{"session":"2be72f497d02","build":"183.6156.29","bucket":"-1","time":1555626345464,"group":{"id":"settings","version":"9"},"event":{"data":{"created":1555626345472,"name":"dndWithPressedAltOnly","value":false},"id":"UISettings"}}
{"session":"2be72f497d02","build":"183.6156.29","bucket":"-1","time":1555626345464,"group":{"id":"settings","version":"9"},"event":{"data":{"created":1555626345472,"name":"enableAlphaMode","value":false},"id":"UISettings"}}
{"session":"2be72f497d02","build":"183.6156.29","bucket":"-1","time":1555626345464,"group":{"id":"settings","version":"9"},"event":{"data":{"created":1555626345472,"name":"hideKnownExtensionInTabs","value":false},"id":"UISettings"}}
{"session":"2be72f497d02","build":"183.6156.29","bucket":"-1","time":1555626345464,"group":{"id":"settings","version":"9"},"event":{"data":{"created":1555626345473,"name":"hideNavigationOnFocusLoss","value":true},"id":"UISettings"}}
{"session":"2be72f497d02","build":"183.6156.29","bucket":"-1","time":1555626345464,"group":{"id":"settings","version":"9"},"event":{"data":{"created":1555626345473,"name":"hideTabsIfNeed","value":true},"id":"UISettings"}}
{"session":"2be72f497d02","build":"183.6156.29","bucket":"-1","time":1555626345464,"group":{"id":"settings","version":"9"},"event":{"data":{"created":1555626345473,"name":"hideToolStripes","value":false},"id":"UISettings"}}
{"session":"2be72f497d02","build":"183.6156.29","bucket":"-1","time":1555626345464,"group":{"id":"settings","version":"9"},"event":{"data":{"created":1555626345473,"name":"leftHorizontalSplit","value":false},"id":"UISettings"}}
{"session":"2be72f497d02","build":"183.6156.29","bucket":"-1","time":1555626345464,"group":{"id":"settings","version":"9"},"event":{"data":{"created":1555626345474,"name":"markModifiedTabsWithAsterisk","value":false},"id":"UISettings"}}
{"session":"2be72f497d02","build":"183.6156.29","bucket":"-1","time":1555626345464,"group":{"id":"settings","version":"9"},"event":{"data":{"created":1555626345474,"name":"mergeEqualStackTraces","value":true},"id":"UISettings"}}
{"session":"2be72f497d02","build":"183.6156.29","bucket":"-1","time":1555626345464,"group":{"id":"settings","version":"9"},"event":{"data":{"created":1555626345474,"name":"moveMouseOnDefaultButton","value":false},"id":"UISettings"}}
{"session":"2be72f497d02","build":"183.6156.29","bucket":"-1","time":1555626345464,"group":{"id":"settings","version":"9"},"event":{"data":{"created":1555626345474,"name":"navigateToPreview","value":false},"id":"UISettings"}}
{"session":"2be72f497d02","build":"183.6156.29","bucket":"-1","time":1555626345464,"group":{"id":"settings","version":"9"},"event":{"data":{"created":1555626345474,"name":"overrideConsoleCycleBufferSize","value":false},"id":"UISettings"}}
{"session":"2be72f497d02","build":"183.6156.29","bucket":"-1","time":1555626345464,"group":{"id":"settings","version":"9"},"event":{"data":{"created":1555626345475,"name":"overrideLafFonts","value":false},"id":"UISettings"}}
{"session":"2be72f497d02","build":"183.6156.29","bucket":"-1","time":1555626345464,"group":{"id":"settings","version":"9"},"event":{"data":{"created":1555626345475,"name":"pinFindInPath","value":false},"id":"UISettings"}}
{"session":"2be72f497d02","build":"183.6156.29","bucket":"-1","time":1555626345464,"group":{"id":"settings","version":"9"},"event":{"data":{"created":1555626345475,"name":"presentationMode","value":false},"id":"UISettings"}}
{"session":"2be72f497d02","build":"183.6156.29","bucket":"-1","time":1555626345464,"group":{"id":"settings","version":"9"},"event":{"data":{"created":1555626345475,"name":"reuseNotModifiedTabs","value":false},"id":"UISettings"}}
{"session":"2be72f497d02","build":"183.6156.29","bucket":"-1","time":1555626345464,"group":{"id":"settings","version":"9"},"event":{"data":{"created":1555626345475,"name":"rightHorizontalSplit","value":false},"id":"UISettings"}}
{"session":"2be72f497d02","build":"183.6156.29","bucket":"-1","time":1555626345464,"group":{"id":"settings","version":"9"},"event":{"data":{"created":1555626345476,"name":"scrollTabLayoutInEditor","value":true},"id":"UISettings"}}
{"session":"2be72f497d02","build":"183.6156.29","bucket":"-1","time":1555626345464,"group":{"id":"settings","version":"9"},"event":{"data":{"created":1555626345476,"name":"showCloseButton","value":true},"id":"UISettings"}}
{"session":"2be72f497d02","build":"183.6156.29","bucket":"-1","time":1555626345464,"group":{"id":"settings","version":"9"},"event":{"data":{"created":1555626345476,"name":"showDirectoryForNonUniqueFilenames","value":true},"id":"UISettings"}}
{"session":"2be72f497d02","build":"183.6156.29","bucket":"-1","time":1555626345464,"group":{"id":"settings","version":"9"},"event":{"data":{"created":1555626345476,"name":"showEditorToolTip","value":true},"id":"UISettings"}}
{"session":"2be72f497d02","build":"183.6156.29","bucket":"-1","time":1555626345464,"group":{"id":"settings","version":"9"},"event":{"data":{"created":1555626345477,"name":"showIconInQuickNavigation","value":true},"id":"UISettings"}}
{"session":"2be72f497d02","build":"183.6156.29","bucket":"-1","time":1555626345464,"group":{"id":"settings","version":"9"},"event":{"data":{"created":1555626345477,"name":"showIconsInMenus","value":true},"id":"UISettings"}}
{"session":"2be72f497d02","build":"183.6156.29","bucket":"-1","time":1555626345464,"group":{"id":"settings","version":"9"},"event":{"data":{"created":1555626345477,"name":"showMainToolbar","value":false},"id":"UISettings"}}
{"session":"2be72f497d02","build":"183.6156.29","bucket":"-1","time":1555626345464,"group":{"id":"settings","version":"9"},"event":{"data":{"created":1555626345477,"name":"showMemoryIndicator","value":false},"id":"UISettings"}}
{"session":"2be72f497d02","build":"183.6156.29","bucket":"-1","time":1555626345464,"group":{"id":"settings","version":"9"},"event":{"data":{"created":1555626345477,"name":"showNavigationBar","value":true},"id":"UISettings"}}
{"session":"2be72f497d02","build":"183.6156.29","bucket":"-1","time":1555626345464,"group":{"id":"settings","version":"9"},"event":{"data":{"created":1555626345478,"name":"showStatusBar","value":true},"id":"UISettings"}}
{"session":"2be72f497d02","build":"183.6156.29","bucket":"-1","time":1555626345464,"group":{"id":"settings","version":"9"},"event":{"data":{"created":1555626345478,"name":"showTabsTooltips","value":true},"id":"UISettings"}}
{"session":"2be72f497d02","build":"183.6156.29","bucket":"-1","time":1555626345464,"group":{"id":"settings","version":"9"},"event":{"data":{"created":1555626345478,"name":"showToolWindowsNumbers","value":true},"id":"UISettings"}}
{"session":"2be72f497d02","build":"183.6156.29","bucket":"-1","time":1555626345464,"group":{"id":"settings","version":"9"},"event":{"data":{"created":1555626345478,"name":"smoothScrolling","value":false},"id":"UISettings"}}
{"session":"2be72f497d02","build":"183.6156.29","bucket":"-1","time":1555626345464,"group":{"id":"settings","version":"9"},"event":{"data":{"created":1555626345478,"name":"sortBookmarks","value":false},"id":"UISettings"}}
{"session":"2be72f497d02","build":"183.6156.29","bucket":"-1","time":1555626345464,"group":{"id":"settings","version":"9"},"event":{"data":{"created":1555626345478,"name":"sortLookupElementsLexicographically","value":false},"id":"UISettings"}}
{"session":"2be72f497d02","build":"183.6156.29","bucket":"-1","time":1555626345464,"group":{"id":"settings","version":"9"},"event":{"data":{"created":1555626345479,"name":"useSmallLabelsOnTabs","value":false},"id":"UISettings"}}
{"session":"2be72f497d02","build":"183.6156.29","bucket":"-1","time":1555626345464,"group":{"id":"settings","version":"9"},"event":{"data":{"created":1555626345479,"name":"wideScreenSupport","value":false},"id":"UISettings"}}
{"session":"2be72f497d02","build":"183.6156.29","bucket":"-1","time":1555626345961,"group":{"id":"settings","version":"9"},"event":{"data":{"created":1555626345961,"name":"autoSaveIfInactive","value":false},"id":"GeneralSettings"}}
{"session":"2be72f497d02","build":"183.6156.29","bucket":"-1","time":1555626345961,"group":{"id":"settings","version":"9"},"event":{"data":{"created":1555626345962,"name":"confirmExit","value":true},"id":"GeneralSettings"}}
{"session":"2be72f497d02","build":"183.6156.29","bucket":"-1","time":1555626345961,"group":{"id":"settings","version":"9"},"event":{"data":{"created":1555626345962,"name":"reopenLastProject","value":true},"id":"GeneralSettings"}}
{"session":"2be72f497d02","build":"183.6156.29","bucket":"-1","time":1555626345961,"group":{"id":"settings","version":"9"},"event":{"data":{"created":1555626345962,"name":"saveOnFrameDeactivation","value":true},"id":"GeneralSettings"}}
{"session":"2be72f497d02","build":"183.6156.29","bucket":"-1","time":1555626345961,"group":{"id":"settings","version":"9"},"event":{"data":{"created":1555626345962,"name":"searchInBackground","value":false},"id":"GeneralSettings"}}
{"session":"2be72f497d02","build":"183.6156.29","bucket":"-1","time":1555626345961,"group":{"id":"settings","version":"9"},"event":{"data":{"created":1555626345963,"name":"showTipsOnStartup","value":true},"id":"GeneralSettings"}}
{"session":"2be72f497d02","build":"183.6156.29","bucket":"-1","time":1555626345961,"group":{"id":"settings","version":"9"},"event":{"data":{"created":1555626345963,"name":"showWelcomeScreen","value":true},"id":"GeneralSettings"}}
{"session":"2be72f497d02","build":"183.6156.29","bucket":"-1","time":1555626345961,"group":{"id":"settings","version":"9"},"event":{"data":{"created":1555626345963,"name":"supportScreenReaders","value":false},"id":"GeneralSettings"}}
{"session":"2be72f497d02","build":"183.6156.29","bucket":"-1","time":1555626345961,"group":{"id":"settings","version":"9"},"event":{"data":{"created":1555626345963,"name":"syncOnFrameActivation","value":true},"id":"GeneralSettings"}}
{"session":"2be72f497d02","build":"183.6156.29","bucket":"-1","time":1555626345961,"group":{"id":"settings","version":"9"},"event":{"data":{"created":1555626345963,"name":"useDefaultBrowser","value":true},"id":"GeneralSettings"}}
{"session":"2be72f497d02","build":"183.6156.29","bucket":"-1","time":1555626345961,"group":{"id":"settings","version":"9"},"event":{"data":{"created":1555626345963,"name":"useSafeWrite","value":true},"id":"GeneralSettings"}}
{"session":"2be72f497d02","build":"183.6156.29","bucket":"-1","time":1555626346882,"group":{"id":"ui.dialogs","version":"9"},"event":{"count":1,"data":{"created":1555626346882,"type":"show"},"id":"com.intellij.openapi.progress.util.ProgressDialog$MyDialogWrapper"}}
{"session":"2be72f497d02","build":"183.6156.29","bucket":"-1","time":1555626347311,"group":{"id":"ui.dialogs","version":"9"},"event":{"count":1,"data":{"code":1,"created":1555626347311,"type":"close"},"id":"com.intellij.openapi.progress.util.ProgressDialog$MyDialogWrapper"}}
{"session":"2be72f497d02","build":"183.6156.29","bucket":"-1","time":1555626347338,"group":{"id":"statistics.lifecycle.project","version":"9"},"event":{"count":1,"data":{"created":1555626347338,"project":"-870078351"},"id":"project.opened"}}
{"session":"2be72f497d02","build":"183.6156.29","bucket":"-1","time":1555626347339,"group":{"id":"lifecycle","version":"9"},"event":{"count":1,"data":{"created":1555626347339},"id":"project.opened"}}
{"session":"2be72f497d02","build":"183.6156.29","bucket":"-1","time":1555626347908,"group":{"id":"ui.dialogs","version":"9"},"event":{"count":1,"data":{"created":1555626347908,"type":"show"},"id":"com.intellij.openapi.progress.util.ProgressDialog$MyDialogWrapper"}}
{"session":"2be72f497d02","build":"183.6156.29","bucket":"-1","time":1555626349221,"group":{"id":"settings","version":"9"},"event":{"data":{"created":1555626349221,"name":"XDebugCanAcceptExternalConnections","project":"-870078351","value":true},"id":"PhpDebugGeneral"}}
{"session":"2be72f497d02","build":"183.6156.29","bucket":"-1","time":1555626349221,"group":{"id":"settings","version":"9"},"event":{"data":{"created":1555626349221,"name":"XDebugShowAddresses","project":"-870078351","value":false},"id":"PhpDebugGeneral"}}
{"session":"2be72f497d02","build":"183.6156.29","bucket":"-1","time":1555626349221,"group":{"id":"settings","version":"9"},"event":{"data":{"created":1555626349221,"name":"breakAtFirstLine","project":"-870078351","value":false},"id":"PhpDebugGeneral"}}
{"session":"2be72f497d02","build":"183.6156.29","bucket":"-1","time":1555626349221,"group":{"id":"settings","version":"9"},"event":{"data":{"created":1555626349221,"name":"detectPathMappingsFromDeploymentConfigurations","project":"-870078351","value":true},"id":"PhpDebugGeneral"}}
{"session":"2be72f497d02","build":"183.6156.29","bucket":"-1","time":1555626349221,"group":{"id":"settings","version":"9"},"event":{"data":{"created":1555626349221,"name":"hideEmptySuperglobals","project":"-870078351","value":true},"id":"PhpDebugGeneral"}}
{"session":"2be72f497d02","build":"183.6156.29","bucket":"-1","time":1555626349221,"group":{"id":"settings","version":"9"},"event":{"data":{"created":1555626349222,"name":"ignoreConnectionsThroughUnregisteredServers","project":"-870078351","value":false},"id":"PhpDebugGeneral"}}
{"session":"2be72f497d02","build":"183.6156.29","bucket":"-1","time":1555626349221,"group":{"id":"settings","version":"9"},"event":{"data":{"created":1555626349222,"name":"importUseStatementsFromContext","project":"-870078351","value":true},"id":"PhpDebugGeneral"}}
{"session":"2be72f497d02","build":"183.6156.29","bucket":"-1","time":1555626349221,"group":{"id":"settings","version":"9"},"event":{"data":{"created":1555626349222,"name":"listeningStarted","project":"-870078351","value":false},"id":"PhpDebugGeneral"}}
{"session":"2be72f497d02","build":"183.6156.29","bucket":"-1","time":1555626349221,"group":{"id":"settings","version":"9"},"event":{"data":{"created":1555626349222,"name":"localPassConfigurationOptions","project":"-870078351","value":true},"id":"PhpDebugGeneral"}}
{"session":"2be72f497d02","build":"183.6156.29","bucket":"-1","time":1555626349221,"group":{"id":"settings","version":"9"},"event":{"data":{"created":1555626349222,"name":"notifyIfSessionWasFinishedWithoutBeingPaused","project":"-870078351","value":true},"id":"PhpDebugGeneral"}}
{"session":"2be72f497d02","build":"183.6156.29","bucket":"-1","time":1555626349221,"group":{"id":"settings","version":"9"},"event":{"data":{"created":1555626349222,"name":"safeEvaluationMode","project":"-870078351","value":true},"id":"PhpDebugGeneral"}}
{"session":"2be72f497d02","build":"183.6156.29","bucket":"-1","time":1555626349221,"group":{"id":"settings","version":"9"},"event":{"data":{"created":1555626349222,"name":"showArrayChildrenInRepl","project":"-870078351","value":true},"id":"PhpDebugGeneral"}}
{"session":"2be72f497d02","build":"183.6156.29","bucket":"-1","time":1555626349221,"group":{"id":"settings","version":"9"},"event":{"data":{"created":1555626349222,"name":"showPreConfigInRemoteDebug","project":"-870078351","value":true},"id":"PhpDebugGeneral"}}
{"session":"2be72f497d02","build":"183.6156.29","bucket":"-1","time":1555626349221,"group":{"id":"settings","version":"9"},"event":{"data":{"created":1555626349222,"name":"showPreConfigInWebPage","project":"-870078351","value":true},"id":"PhpDebugGeneral"}}
{"session":"2be72f497d02","build":"183.6156.29","bucket":"-1","time":1555626349221,"group":{"id":"settings","version":"9"},"event":{"data":{"created":1555626349223,"name":"xdebugForceBreakWhenNoPathMapping","project":"-870078351","value":true},"id":"PhpDebugGeneral"}}
{"session":"2be72f497d02","build":"183.6156.29","bucket":"-1","time":1555626349221,"group":{"id":"settings","version":"9"},"event":{"data":{"created":1555626349223,"name":"xdebugForceBreakWhenOutsideProject","project":"-870078351","value":true},"id":"PhpDebugGeneral"}}
{"session":"2be72f497d02","build":"183.6156.29","bucket":"-1","time":1555626349221,"group":{"id":"settings","version":"9"},"event":{"data":{"created":1555626349223,"name":"zendDebuggerAutoDetectHosts","project":"-870078351","value":true},"id":"PhpDebugGeneral"}}
{"session":"2be72f497d02","build":"183.6156.29","bucket":"-1","time":1555626349221,"group":{"id":"settings","version":"9"},"event":{"data":{"created":1555626349223,"name":"zendDebuggerCanAcceptExternalConnections","project":"-870078351","value":true},"id":"PhpDebugGeneral"}}
{"session":"2be72f497d02","build":"183.6156.29","bucket":"-1","time":1555626349221,"group":{"id":"settings","version":"9"},"event":{"data":{"created":1555626349223,"name":"zendDebuggerIgnoreZRaySystemRequests","project":"-870078351","value":true},"id":"PhpDebugGeneral"}}
{"session":"2be72f497d02","build":"183.6156.29","bucket":"-1","time":1555626349221,"group":{"id":"settings","version":"9"},"event":{"data":{"created":1555626349223,"name":"XDebugCanAcceptExternalConnections","project":"-870078351","value":true},"id":"PhpDebugGeneral"}}
{"session":"2be72f497d02","build":"183.6156.29","bucket":"-1","time":1555626349221,"group":{"id":"settings","version":"9"},"event":{"data":{"created":1555626349223,"name":"XDebugShowAddresses","project":"-870078351","value":false},"id":"PhpDebugGeneral"}}
{"session":"2be72f497d02","build":"183.6156.29","bucket":"-1","time":1555626349221,"group":{"id":"settings","version":"9"},"event":{"data":{"created":1555626349223,"name":"breakAtFirstLine","project":"-870078351","value":false},"id":"PhpDebugGeneral"}}
{"session":"2be72f497d02","build":"183.6156.29","bucket":"-1","time":1555626349221,"group":{"id":"settings","version":"9"},"event":{"data":{"created":1555626349223,"name":"detectPathMappingsFromDeploymentConfigurations","project":"-870078351","value":true},"id":"PhpDebugGeneral"}}
{"session":"2be72f497d02","build":"183.6156.29","bucket":"-1","time":1555626349221,"group":{"id":"settings","version":"9"},"event":{"data":{"created":1555626349223,"name":"hideEmptySuperglobals","project":"-870078351","value":true},"id":"PhpDebugGeneral"}}
{"session":"2be72f497d02","build":"183.6156.29","bucket":"-1","time":1555626349221,"group":{"id":"settings","version":"9"},"event":{"data":{"created":1555626349223,"name":"ignoreConnectionsThroughUnregisteredServers","project":"-870078351","value":false},"id":"PhpDebugGeneral"}}
{"session":"2be72f497d02","build":"183.6156.29","bucket":"-1","time":1555626349221,"group":{"id":"settings","version":"9"},"event":{"data":{"created":1555626349224,"name":"importUseStatementsFromContext","project":"-870078351","value":true},"id":"PhpDebugGeneral"}}
{"session":"2be72f497d02","build":"183.6156.29","bucket":"-1","time":1555626349221,"group":{"id":"settings","version":"9"},"event":{"data":{"created":1555626349224,"name":"listeningStarted","project":"-870078351","value":false},"id":"PhpDebugGeneral"}}
{"session":"2be72f497d02","build":"183.6156.29","bucket":"-1","time":1555626349221,"group":{"id":"settings","version":"9"},"event":{"data":{"created":1555626349224,"name":"localPassConfigurationOptions","project":"-870078351","value":true},"id":"PhpDebugGeneral"}}
{"session":"2be72f497d02","build":"183.6156.29","bucket":"-1","time":1555626349221,"group":{"id":"settings","version":"9"},"event":{"data":{"created":1555626349224,"name":"notifyIfSessionWasFinishedWithoutBeingPaused","project":"-870078351","value":true},"id":"PhpDebugGeneral"}}
{"session":"2be72f497d02","build":"183.6156.29","bucket":"-1","time":1555626349221,"group":{"id":"settings","version":"9"},"event":{"data":{"created":1555626349224,"name":"safeEvaluationMode","project":"-870078351","value":true},"id":"PhpDebugGeneral"}}
{"session":"2be72f497d02","build":"183.6156.29","bucket":"-1","time":1555626349221,"group":{"id":"settings","version":"9"},"event":{"data":{"created":1555626349224,"name":"showArrayChildrenInRepl","project":"-870078351","value":true},"id":"PhpDebugGeneral"}}
{"session":"2be72f497d02","build":"183.6156.29","bucket":"-1","time":1555626349221,"group":{"id":"settings","version":"9"},"event":{"data":{"created":1555626349224,"name":"showPreConfigInRemoteDebug","project":"-870078351","value":true},"id":"PhpDebugGeneral"}}
{"session":"2be72f497d02","build":"183.6156.29","bucket":"-1","time":1555626349221,"group":{"id":"settings","version":"9"},"event":{"data":{"created":1555626349224,"name":"showPreConfigInWebPage","project":"-870078351","value":true},"id":"PhpDebugGeneral"}}
{"session":"2be72f497d02","build":"183.6156.29","bucket":"-1","time":1555626349221,"group":{"id":"settings","version":"9"},"event":{"data":{"created":1555626349224,"name":"xdebugForceBreakWhenNoPathMapping","project":"-870078351","value":true},"id":"PhpDebugGeneral"}}
{"session":"2be72f497d02","build":"183.6156.29","bucket":"-1","time":1555626349221,"group":{"id":"settings","version":"9"},"event":{"data":{"created":1555626349224,"name":"xdebugForceBreakWhenOutsideProject","project":"-870078351","value":true},"id":"PhpDebugGeneral"}}
{"session":"2be72f497d02","build":"183.6156.29","bucket":"-1","time":1555626349221,"group":{"id":"settings","version":"9"},"event":{"data":{"created":1555626349224,"name":"zendDebuggerAutoDetectHosts","project":"-870078351","value":true},"id":"PhpDebugGeneral"}}
{"session":"2be72f497d02","build":"183.6156.29","bucket":"-1","time":1555626349221,"group":{"id":"settings","version":"9"},"event":{"data":{"created":1555626349225,"name":"zendDebuggerCanAcceptExternalConnections","project":"-870078351","value":true},"id":"PhpDebugGeneral"}}
{"session":"2be72f497d02","build":"183.6156.29","bucket":"-1","time":1555626349221,"group":{"id":"settings","version":"9"},"event":{"data":{"created":1555626349225,"name":"zendDebuggerIgnoreZRaySystemRequests","project":"-870078351","value":true},"id":"PhpDebugGeneral"}}
{"session":"2be72f497d02","build":"183.6156.29","bucket":"-1","time":1555626349245,"group":{"id":"toolwindow.v2","version":"9"},"event":{"count":1,"data":{"created":1555626349245,"data_1":"Windows"},"id":"Project_by_Activation"}}
{"session":"2be72f497d02","build":"183.6156.29","bucket":"-1","time":1555626349585,"group":{"id":"statistics.lifecycle.app","version":"9"},"event":{"count":1,"data":{"created":1555626349585},"id":"ide.start"}}
{"session":"2be72f497d02","build":"183.6156.29","bucket":"-1","time":1555626349585,"group":{"id":"lifecycle","version":"9"},"event":{"count":1,"data":{"created":1555626349585},"id":"app.started"}}
{"session":"2be72f497d02","build":"183.6156.29","bucket":"-1","time":1555626349690,"group":{"id":"statistics.ui.tips","version":"9"},"event":{"count":1,"data":{"created":1555626349690},"id":"shown.automatically"}}
{"session":"2be72f497d02","build":"183.6156.29","bucket":"-1","time":1555626349713,"group":{"id":"ui.dialogs","version":"9"},"event":{"count":1,"data":{"created":1555626349713,"type":"show"},"id":"com.intellij.ide.util.TipDialog"}}
{"session":"2be72f497d02","build":"183.6156.29","bucket":"-1","time":1555626350113,"group":{"id":"ui.dialogs","version":"9"},"event":{"count":1,"data":{"code":1,"created":1555626350113,"type":"close"},"id":"com.intellij.openapi.progress.util.ProgressDialog$MyDialogWrapper"}}
{"session":"2be72f497d02","build":"183.6156.29","bucket":"-1","time":1555626350206,"group":{"id":"statistics.lifecycle.project","version":"9"},"event":{"count":1,"data":{"created":1555626350206,"project":"-870078351"},"id":"project.open.time.3"}}
{"session":"2be72f497d02","build":"183.6156.29","bucket":"-1","time":1555626350206,"group":{"id":"lifecycle","version":"9"},"event":{"count":1,"data":{"created":1555626350206,"time.ms":3744},"id":"project.opening.finished"}}
{"session":"2be72f497d02","build":"183.6156.29","bucket":"-1","time":1555626350821,"group":{"id":"ui.dialogs","version":"9"},"event":{"count":1,"data":{"code":1,"created":1555626350821,"type":"close"},"id":"com.intellij.ide.util.TipDialog"}}
{"session":"2be72f497d02","build":"183.6156.29","bucket":"-1","time":1555626357569,"group":{"id":"statistics.file.types.edit","version":"9"},"event":{"count":1,"data":{"created":1555626357570,"project":"-870078351"},"id":"Scratch"}}
{"session":"2be72f497d02","build":"183.6156.29","bucket":"-1","time":1555626359351,"group":{"id":"actions.v2","version":"9"},"event":{"count":6,"data":{"context_menu":false,"last":1555626375661,"created":1555626359351,"data_1":"Windows","input_event":"Backspace"},"id":"EditorBackSpace"}}
{"session":"2be72f497d02","build":"183.6156.29","bucket":"-1","time":1555626385726,"group":{"id":"actions.v2","version":"9"},"event":{"count":2,"data":{"context_menu":false,"last":1555626386221,"created":1555626385726,"data_1":"Windows","input_event":"Backspace"},"id":"EditorBackSpace"}}
{"session":"2be72f497d02","build":"183.6156.29","bucket":"-1","time":1555626391495,"group":{"id":"actions.v2","version":"9"},"event":{"count":1,"data":{"context_menu":false,"created":1555626391495,"data_1":"Windows","input_event":"Ctrl+C"},"id":"EditorCopy"}}
{"session":"2be72f497d02","build":"183.6156.29","bucket":"-1","time":1555626395926,"group":{"id":"actions.v2","version":"9"},"event":{"count":1,"data":{"context_menu":false,"created":1555626395926,"data_1":"Windows","input_event":"Right"},"id":"EditorRight"}}
{"session":"2be72f497d02","build":"183.6156.29","bucket":"-1","time":1555626396358,"group":{"id":"actions.v2","version":"9"},"event":{"count":1,"data":{"context_menu":false,"created":1555626396358,"data_1":"Windows","input_event":"Backspace"},"id":"EditorBackSpace"}}
{"session":"2be72f497d02","build":"183.6156.29","bucket":"-1","time":1555626401488,"group":{"id":"actions.v2","version":"9"},"event":{"count":1,"data":{"context_menu":false,"created":1555626401488,"data_1":"Windows","input_event":"Enter"},"id":"EditorEnter"}}
{"session":"2be72f497d02","build":"183.6156.29","bucket":"-1","time":1555626402023,"group":{"id":"actions.v2","version":"9"},"event":{"count":1,"data":{"context_menu":false,"created":1555626402024,"data_1":"Windows","input_event":"Ctrl+V"},"id":"EditorPaste"}}
{"session":"2be72f497d02","build":"183.6156.29","bucket":"-1","time":1555626404152,"group":{"id":"statistics.ui.toolbar.clicks","version":"9"},"event":{"count":1,"data":{"created":1555626404152,"data_1":"Windows"},"id":"com.intellij.ide.browsers.actions.BaseOpenInBrowserAction@ContextToolbar"}}
{"session":"2be72f497d02","build":"183.6156.29","bucket":"-1","time":1555626415598,"group":{"id":"actions.v2","version":"9"},"event":{"count":1,"data":{"context_menu":false,"created":1555626415598,"data_1":"Windows","input_event":"Enter"},"id":"EditorEnter"}}
{"session":"2be72f497d02","build":"183.6156.29","bucket":"-1","time":1555626415598,"group":{"id":"statistics.file.types.edit","version":"9"},"event":{"count":1,"data":{"created":1555626415598,"project":"-870078351"},"id":"Scratch"}}
{"session":"2be72f497d02","build":"183.6156.29","bucket":"-1","time":1555626416085,"group":{"id":"actions.v2","version":"9"},"event":{"count":1,"data":{"context_menu":false,"created":1555626416085,"data_1":"Windows","input_event":"Enter"},"id":"EditorEnter"}}
{"session":"2be72f497d02","build":"183.6156.29","bucket":"-1","time":1555626416999,"group":{"id":"actions.v2","version":"9"},"event":{"count":2,"data":{"context_menu":false,"last":1555626417205,"created":1555626416999,"data_1":"Windows","input_event":"Backspace"},"id":"EditorBackSpace"}}
{"session":"2be72f497d02","build":"183.6156.29","bucket":"-1","time":1555626420318,"group":{"id":"actions.v2","version":"9"},"event":{"count":2,"data":{"context_menu":false,"last":1555626420645,"created":1555626420318,"data_1":"Windows","input_event":"Enter"},"id":"EditorEnter"}}
{"session":"2be72f497d02","build":"183.6156.29","bucket":"-1","time":1555626424917,"group":{"id":"actions.v2","version":"9"},"event":{"count":1,"data":{"context_menu":false,"created":1555626424917,"data_1":"Windows","input_event":"Backspace"},"id":"EditorBackSpace"}}
{"session":"2be72f497d02","build":"183.6156.29","bucket":"-1","time":1555626426908,"group":{"id":"statistics.productivity","version":"9"},"event":{"count":1,"data":{"created":1555626426908},"id":"editing.completion.basic"}}
{"session":"2be72f497d02","build":"183.6156.29","bucket":"-1","time":1555626429725,"group":{"id":"actions.v2","version":"9"},"event":{"count":1,"data":{"context_menu":false,"created":1555626429725,"data_1":"Windows","input_event":"Enter"},"id":"EditorEnter"}}
{"session":"2be72f497d02","build":"183.6156.29","bucket":"-1","time":1555626434213,"group":{"id":"actions.v2","version":"9"},"event":{"count":1,"data":{"context_menu":false,"created":1555626434213,"data_1":"Windows","input_event":"Backspace"},"id":"EditorBackSpace"}}
{"session":"2be72f497d02","build":"183.6156.29","bucket":"-1","time":1555626437587,"group":{"id":"statistics.productivity","version":"9"},"event":{"count":1,"data":{"created":1555626437587},"id":"editing.completion.basic"}}
{"session":"2be72f497d02","build":"183.6156.29","bucket":"-1","time":1555626445533,"group":{"id":"actions.v2","version":"9"},"event":{"count":1,"data":{"context_menu":false,"created":1555626445533,"data_1":"Windows","input_event":"Right"},"id":"EditorRight"}}
{"session":"2be72f497d02","build":"183.6156.29","bucket":"-1","time":1555626445862,"group":{"id":"actions.v2","version":"9"},"event":{"count":2,"data":{"context_menu":false,"last":1555626446025,"created":1555626445862,"data_1":"Windows","input_event":"Backspace"},"id":"EditorBackSpace"}}
{"session":"2be72f497d02","build":"183.6156.29","bucket":"-1","time":1555626455469,"group":{"id":"actions.v2","version":"9"},"event":{"count":1,"data":{"context_menu":false,"created":1555626455469,"data_1":"Windows","input_event":"Left"},"id":"EditorLeft"}}
{"session":"2be72f497d02","build":"183.6156.29","bucket":"-1","time":1555626459426,"group":{"id":"statistics.productivity","version":"9"},"event":{"count":1,"data":{"created":1555626459426},"id":"editing.completion.basic"}}
{"session":"2be72f497d02","build":"183.6156.29","bucket":"-1","time":1555626469333,"group":{"id":"actions.v2","version":"9"},"event":{"count":3,"data":{"context_menu":false,"last":1555626474582,"created":1555626469333,"data_1":"Windows","input_event":"Backspace"},"id":"EditorBackSpace"}}
{"session":"2be72f497d02","build":"183.6156.29","bucket":"-1","time":1555626499509,"group":{"id":"actions.v2","version":"9"},"event":{"count":1,"data":{"context_menu":false,"created":1555626499509,"data_1":"Windows","input_event":"Right"},"id":"EditorRight"}}
{"session":"2be72f497d02","build":"183.6156.29","bucket":"-1","time":1555626499869,"group":{"id":"actions.v2","version":"9"},"event":{"count":2,"data":{"context_menu":false,"last":1555626500253,"created":1555626499869,"data_1":"Windows","input_event":"Backspace"},"id":"EditorBackSpace"}}
{"session":"2be72f497d02","build":"183.6156.29","bucket":"-1","time":1555626501934,"group":{"id":"statistics.file.types.edit","version":"9"},"event":{"count":1,"data":{"created":1555626501934,"project":"-870078351"},"id":"Scratch"}}
{"session":"2be72f497d02","build":"183.6156.29","bucket":"-1","time":1555626521917,"group":{"id":"actions.v2","version":"9"},"event":{"count":1,"data":{"context_menu":false,"created":1555626521917,"data_1":"Windows","input_event":"Right"},"id":"EditorRight"}}
{"session":"2be72f497d02","build":"183.6156.29","bucket":"-1","time":1555626574694,"group":{"id":"actions.v2","version":"9"},"event":{"count":1,"data":{"context_menu":false,"created":1555626574694,"data_1":"Windows","input_event":"Left"},"id":"EditorLeft"}}
{"session":"2be72f497d02","build":"183.6156.29","bucket":"-1","time":1555626575133,"group":{"id":"actions.v2","version":"9"},"event":{"count":18,"data":{"context_menu":false,"last":1555626581082,"created":1555626575133,"data_1":"Windows","input_event":"Backspace"},"id":"EditorBackSpace"}}
{"session":"2be72f497d02","build":"183.6156.29","bucket":"-1","time":1555626582142,"group":{"id":"statistics.file.types.edit","version":"9"},"event":{"count":1,"data":{"created":1555626582142,"project":"-870078351"},"id":"Scratch"}}
{"session":"2be72f497d02","build":"183.6156.29","bucket":"-1","time":1555626586387,"group":{"id":"statistics.productivity","version":"9"},"event":{"count":1,"data":{"created":1555626586387},"id":"editing.completion.basic"}}
{"session":"2be72f497d02","build":"183.6156.29","bucket":"-1","time":1555626588008,"group":{"id":"actions.v2","version":"9"},"event":{"count":1,"data":{"context_menu":false,"created":1555626588008,"data_1":"Windows","input_event":"Left"},"id":"EditorLeft"}}
{"session":"2be72f497d02","build":"183.6156.29","bucket":"-1","time":1555626588726,"group":{"id":"actions.v2","version":"9"},"event":{"count":10,"data":{"context_menu":false,"last":1555626606133,"created":1555626588726,"data_1":"Windows","input_event":"Backspace"},"id":"EditorBackSpace"}}
{"session":"2be72f497d02","build":"183.6156.29","bucket":"-1","time":1555626658477,"group":{"id":"actions.v2","version":"9"},"event":{"count":2,"data":{"context_menu":false,"last":1555626658854,"created":1555626658477,"data_1":"Windows","input_event":"Backspace"},"id":"EditorBackSpace"}}
{"session":"2be72f497d02","build":"183.6156.29","bucket":"-1","time":1555626659869,"group":{"id":"statistics.file.types.edit","version":"9"},"event":{"count":1,"data":{"created":1555626659869,"project":"-870078351"},"id":"Scratch"}}
{"session":"2be72f497d02","build":"183.6156.29","bucket":"-1","time":1555626661738,"group":{"id":"statistics.productivity","version":"9"},"event":{"count":1,"data":{"created":1555626661738},"id":"editing.completion.basic"}}
{"session":"2be72f497d02","build":"183.6156.29","bucket":"-1","time":1555626672245,"group":{"id":"actions.v2","version":"9"},"event":{"count":3,"data":{"context_menu":false,"last":1555626672733,"created":1555626672245,"data_1":"Windows","input_event":"Backspace"},"id":"EditorBackSpace"}}
{"session":"2be72f497d02","build":"183.6156.29","bucket":"-1","time":1555626704066,"group":{"id":"statistics.ui.toolbar.clicks","version":"9"},"event":{"count":1,"data":{"created":1555626704066,"data_1":"Windows"},"id":"com.intellij.ide.browsers.actions.BaseOpenInBrowserAction@ContextToolbar"}}
{"session":"2be72f497d02","build":"183.6156.29","bucket":"-1","time":1555626736326,"group":{"id":"actions.v2","version":"9"},"event":{"count":1,"data":{"context_menu":false,"created":1555626736326,"data_1":"Windows","input_event":"Enter"},"id":"EditorEnter"}}
{"session":"2be72f497d02","build":"183.6156.29","bucket":"-1","time":1555626736326,"group":{"id":"statistics.file.types.edit","version":"9"},"event":{"count":1,"data":{"created":1555626736326,"project":"-870078351"},"id":"Scratch"}}
{"session":"2be72f497d02","build":"183.6156.29","bucket":"-1","time":1555626736702,"group":{"id":"actions.v2","version":"9"},"event":{"count":1,"data":{"context_menu":false,"created":1555626736702,"data_1":"Windows","input_event":"Ctrl+V"},"id":"EditorPaste"}}
{"session":"2be72f497d02","build":"183.6156.29","bucket":"-1","time":1555626740719,"group":{"id":"statistics.ui.toolbar.clicks","version":"9"},"event":{"count":1,"data":{"created":1555626740719,"data_1":"Windows"},"id":"com.intellij.ide.browsers.actions.BaseOpenInBrowserAction@ContextToolbar"}}
{"session":"2be72f497d02","build":"183.6156.29","bucket":"-1","time":1555626809870,"group":{"id":"actions.v2","version":"9"},"event":{"count":1,"data":{"context_menu":false,"created":1555626809870,"data_1":"Windows","input_event":"Ctrl+C"},"id":"EditorCopy"}}
{"session":"2be72f497d02","build":"183.6156.29","bucket":"-1","time":1555626815208,"group":{"id":"actions.v2","version":"9"},"event":{"count":1,"data":{"context_menu":false,"created":1555626815208,"data_1":"Windows","input_event":"Ctrl+V"},"id":"EditorPaste"}}
{"session":"2be72f497d02","build":"183.6156.29","bucket":"-1","time":1555626819176,"group":{"id":"statistics.ui.toolbar.clicks","version":"9"},"event":{"count":1,"data":{"created":1555626819176,"data_1":"Windows"},"id":"com.intellij.ide.browsers.actions.BaseOpenInBrowserAction@ContextToolbar"}}
{"session":"2be72f497d02","build":"183.6156.29","bucket":"-1","time":1555626835677,"group":{"id":"statistics.ui.toolbar.clicks","version":"9"},"event":{"count":1,"data":{"created":1555626835677,"data_1":"Windows"},"id":"com.intellij.ide.browsers.actions.BaseOpenInBrowserAction@ContextToolbar"}}
{"session":"2be72f497d02","build":"183.6156.29","bucket":"-1","time":1555626899423,"group":{"id":"statistics.actions.main.menu.v2","version":"9"},"event":{"count":1,"data":{"created":1555626899423,"data_1":"Windows"},"id":"File_->_Save_All"}}
{"session":"2be72f497d02","build":"183.6156.29","bucket":"-1","time":1555626899427,"group":{"id":"actions.v2","version":"9"},"event":{"count":1,"data":{"context_menu":true,"created":1555626899427,"place":"MainMenu","data_1":"Windows"},"id":"SaveAll"}}
{"session":"2be72f497d02","build":"183.6156.29","bucket":"-1","time":1555626900152,"group":{"id":"ui.dialogs","version":"9"},"event":{"count":1,"data":{"created":1555626900152,"type":"show"},"id":"com.intellij.openapi.ui.messages.MessageDialog"}}
{"session":"2be72f497d02","build":"183.6156.29","bucket":"-1","time":1555626901254,"group":{"id":"statistics.lifecycle.app","version":"9"},"event":{"count":1,"data":{"created":1555626901254},"id":"ide.close"}}
{"session":"2be72f497d02","build":"183.6156.29","bucket":"-1","time":1555626901254,"group":{"id":"lifecycle","version":"9"},"event":{"count":1,"data":{"restart":false,"created":1555626901254},"id":"app.closed"}}
{"session":"2be72f497d02","build":"183.6156.29","bucket":"-1","time":1555626901275,"group":{"id":"statistics.lifecycle.project","version":"9"},"event":{"count":1,"data":{"created":1555626901275,"project":"-870078351"},"id":"project.closed"}}
{"session":"2be72f497d02","build":"183.6156.29","bucket":"-1","time":1555626901287,"group":{"id":"lifecycle","version":"9"},"event":{"count":1,"data":{"created":1555626901287},"id":"project.closed"}}
