{"session":"6461bf768ade","build":"183.6156.29","bucket":"-1","time":1555625693005,"group":{"id":"system.os.name","version":"9"},"event":{"data":{"created":1555625693006},"id":"Windows"}}
{"session":"6461bf768ade","build":"183.6156.29","bucket":"-1","time":1555625693006,"group":{"id":"system.os.version","version":"9"},"event":{"data":{"created":1555625693010},"id":"10.0"}}
{"session":"6461bf768ade","build":"183.6156.29","bucket":"-1","time":1555625693006,"group":{"id":"system.jvm.vendor","version":"9"},"event":{"data":{"created":1555625693014},"id":"JetBrains_s.r.o"}}
{"session":"6461bf768ade","build":"183.6156.29","bucket":"-1","time":1555625693006,"group":{"id":"system.jvm.version","version":"9"},"event":{"data":{"created":1555625693014},"id":"1.8"}}
{"session":"6461bf768ade","build":"183.6156.29","bucket":"-1","time":1555625693010,"group":{"id":"settings","version":"9"},"event":{"data":{"created":1555625693015,"name":"activeMruEditorOnClose","value":false},"id":"UISettings"}}
{"session":"6461bf768ade","build":"183.6156.29","bucket":"-1","time":1555625693010,"group":{"id":"settings","version":"9"},"event":{"data":{"created":1555625693015,"name":"activeRightEditorOnClose","value":false},"id":"UISettings"}}
{"session":"6461bf768ade","build":"183.6156.29","bucket":"-1","time":1555625693010,"group":{"id":"settings","version":"9"},"event":{"data":{"created":1555625693015,"name":"allowMergeButtons","value":true},"id":"UISettings"}}
{"session":"6461bf768ade","build":"183.6156.29","bucket":"-1","time":1555625693010,"group":{"id":"settings","version":"9"},"event":{"data":{"created":1555625693016,"name":"alwaysShowWindowsButton","value":false},"id":"UISettings"}}
{"session":"6461bf768ade","build":"183.6156.29","bucket":"-1","time":1555625693010,"group":{"id":"settings","version":"9"},"event":{"data":{"created":1555625693016,"name":"animateWindows","value":true},"id":"UISettings"}}
{"session":"6461bf768ade","build":"183.6156.29","bucket":"-1","time":1555625693010,"group":{"id":"settings","version":"9"},"event":{"data":{"created":1555625693016,"name":"closeNonModifiedFilesFirst","value":false},"id":"UISettings"}}
{"session":"6461bf768ade","build":"183.6156.29","bucket":"-1","time":1555625693010,"group":{"id":"settings","version":"9"},"event":{"data":{"created":1555625693016,"name":"closeTabButtonOnTheRight","value":true},"id":"UISettings"}}
{"session":"6461bf768ade","build":"183.6156.29","bucket":"-1","time":1555625693010,"group":{"id":"settings","version":"9"},"event":{"data":{"created":1555625693017,"name":"cycleScrolling","value":true},"id":"UISettings"}}
{"session":"6461bf768ade","build":"183.6156.29","bucket":"-1","time":1555625693010,"group":{"id":"settings","version":"9"},"event":{"data":{"created":1555625693017,"name":"defaultAutoScrollToSource","value":false},"id":"UISettings"}}
{"session":"6461bf768ade","build":"183.6156.29","bucket":"-1","time":1555625693010,"group":{"id":"settings","version":"9"},"event":{"data":{"created":1555625693017,"name":"disableMnemonics","value":false},"id":"UISettings"}}
{"session":"6461bf768ade","build":"183.6156.29","bucket":"-1","time":1555625693010,"group":{"id":"settings","version":"9"},"event":{"data":{"created":1555625693017,"name":"disableMnemonicsInControls","value":false},"id":"UISettings"}}
{"session":"6461bf768ade","build":"183.6156.29","bucket":"-1","time":1555625693010,"group":{"id":"settings","version":"9"},"event":{"data":{"created":1555625693017,"name":"dndWithPressedAltOnly","value":false},"id":"UISettings"}}
{"session":"6461bf768ade","build":"183.6156.29","bucket":"-1","time":1555625693010,"group":{"id":"settings","version":"9"},"event":{"data":{"created":1555625693018,"name":"enableAlphaMode","value":false},"id":"UISettings"}}
{"session":"6461bf768ade","build":"183.6156.29","bucket":"-1","time":1555625693010,"group":{"id":"settings","version":"9"},"event":{"data":{"created":1555625693018,"name":"hideKnownExtensionInTabs","value":false},"id":"UISettings"}}
{"session":"6461bf768ade","build":"183.6156.29","bucket":"-1","time":1555625693010,"group":{"id":"settings","version":"9"},"event":{"data":{"created":1555625693018,"name":"hideNavigationOnFocusLoss","value":true},"id":"UISettings"}}
{"session":"6461bf768ade","build":"183.6156.29","bucket":"-1","time":1555625693010,"group":{"id":"settings","version":"9"},"event":{"data":{"created":1555625693018,"name":"hideTabsIfNeed","value":true},"id":"UISettings"}}
{"session":"6461bf768ade","build":"183.6156.29","bucket":"-1","time":1555625693010,"group":{"id":"settings","version":"9"},"event":{"data":{"created":1555625693019,"name":"hideToolStripes","value":false},"id":"UISettings"}}
{"session":"6461bf768ade","build":"183.6156.29","bucket":"-1","time":1555625693010,"group":{"id":"settings","version":"9"},"event":{"data":{"created":1555625693019,"name":"leftHorizontalSplit","value":false},"id":"UISettings"}}
{"session":"6461bf768ade","build":"183.6156.29","bucket":"-1","time":1555625693010,"group":{"id":"settings","version":"9"},"event":{"data":{"created":1555625693019,"name":"markModifiedTabsWithAsterisk","value":false},"id":"UISettings"}}
{"session":"6461bf768ade","build":"183.6156.29","bucket":"-1","time":1555625693010,"group":{"id":"settings","version":"9"},"event":{"data":{"created":1555625693019,"name":"mergeEqualStackTraces","value":true},"id":"UISettings"}}
{"session":"6461bf768ade","build":"183.6156.29","bucket":"-1","time":1555625693010,"group":{"id":"settings","version":"9"},"event":{"data":{"created":1555625693020,"name":"moveMouseOnDefaultButton","value":false},"id":"UISettings"}}
{"session":"6461bf768ade","build":"183.6156.29","bucket":"-1","time":1555625693010,"group":{"id":"settings","version":"9"},"event":{"data":{"created":1555625693020,"name":"navigateToPreview","value":false},"id":"UISettings"}}
{"session":"6461bf768ade","build":"183.6156.29","bucket":"-1","time":1555625693010,"group":{"id":"settings","version":"9"},"event":{"data":{"created":1555625693020,"name":"overrideConsoleCycleBufferSize","value":false},"id":"UISettings"}}
{"session":"6461bf768ade","build":"183.6156.29","bucket":"-1","time":1555625693011,"group":{"id":"settings","version":"9"},"event":{"data":{"created":1555625693020,"name":"overrideLafFonts","value":false},"id":"UISettings"}}
{"session":"6461bf768ade","build":"183.6156.29","bucket":"-1","time":1555625693011,"group":{"id":"settings","version":"9"},"event":{"data":{"created":1555625693021,"name":"pinFindInPath","value":false},"id":"UISettings"}}
{"session":"6461bf768ade","build":"183.6156.29","bucket":"-1","time":1555625693011,"group":{"id":"settings","version":"9"},"event":{"data":{"created":1555625693021,"name":"presentationMode","value":false},"id":"UISettings"}}
{"session":"6461bf768ade","build":"183.6156.29","bucket":"-1","time":1555625693011,"group":{"id":"settings","version":"9"},"event":{"data":{"created":1555625693021,"name":"reuseNotModifiedTabs","value":false},"id":"UISettings"}}
{"session":"6461bf768ade","build":"183.6156.29","bucket":"-1","time":1555625693011,"group":{"id":"settings","version":"9"},"event":{"data":{"created":1555625693021,"name":"rightHorizontalSplit","value":false},"id":"UISettings"}}
{"session":"6461bf768ade","build":"183.6156.29","bucket":"-1","time":1555625693011,"group":{"id":"settings","version":"9"},"event":{"data":{"created":1555625693021,"name":"scrollTabLayoutInEditor","value":true},"id":"UISettings"}}
{"session":"6461bf768ade","build":"183.6156.29","bucket":"-1","time":1555625693011,"group":{"id":"settings","version":"9"},"event":{"data":{"created":1555625693021,"name":"showCloseButton","value":true},"id":"UISettings"}}
{"session":"6461bf768ade","build":"183.6156.29","bucket":"-1","time":1555625693011,"group":{"id":"settings","version":"9"},"event":{"data":{"created":1555625693022,"name":"showDirectoryForNonUniqueFilenames","value":true},"id":"UISettings"}}
{"session":"6461bf768ade","build":"183.6156.29","bucket":"-1","time":1555625693011,"group":{"id":"settings","version":"9"},"event":{"data":{"created":1555625693022,"name":"showEditorToolTip","value":true},"id":"UISettings"}}
{"session":"6461bf768ade","build":"183.6156.29","bucket":"-1","time":1555625693011,"group":{"id":"settings","version":"9"},"event":{"data":{"created":1555625693022,"name":"showIconInQuickNavigation","value":true},"id":"UISettings"}}
{"session":"6461bf768ade","build":"183.6156.29","bucket":"-1","time":1555625693011,"group":{"id":"settings","version":"9"},"event":{"data":{"created":1555625693022,"name":"showIconsInMenus","value":true},"id":"UISettings"}}
{"session":"6461bf768ade","build":"183.6156.29","bucket":"-1","time":1555625693011,"group":{"id":"settings","version":"9"},"event":{"data":{"created":1555625693022,"name":"showMainToolbar","value":false},"id":"UISettings"}}
{"session":"6461bf768ade","build":"183.6156.29","bucket":"-1","time":1555625693011,"group":{"id":"settings","version":"9"},"event":{"data":{"created":1555625693023,"name":"showMemoryIndicator","value":false},"id":"UISettings"}}
{"session":"6461bf768ade","build":"183.6156.29","bucket":"-1","time":1555625693011,"group":{"id":"settings","version":"9"},"event":{"data":{"created":1555625693023,"name":"showNavigationBar","value":true},"id":"UISettings"}}
{"session":"6461bf768ade","build":"183.6156.29","bucket":"-1","time":1555625693011,"group":{"id":"settings","version":"9"},"event":{"data":{"created":1555625693023,"name":"showStatusBar","value":true},"id":"UISettings"}}
{"session":"6461bf768ade","build":"183.6156.29","bucket":"-1","time":1555625693011,"group":{"id":"settings","version":"9"},"event":{"data":{"created":1555625693023,"name":"showTabsTooltips","value":true},"id":"UISettings"}}
{"session":"6461bf768ade","build":"183.6156.29","bucket":"-1","time":1555625693011,"group":{"id":"settings","version":"9"},"event":{"data":{"created":1555625693023,"name":"showToolWindowsNumbers","value":true},"id":"UISettings"}}
{"session":"6461bf768ade","build":"183.6156.29","bucket":"-1","time":1555625693011,"group":{"id":"settings","version":"9"},"event":{"data":{"created":1555625693024,"name":"smoothScrolling","value":false},"id":"UISettings"}}
{"session":"6461bf768ade","build":"183.6156.29","bucket":"-1","time":1555625693011,"group":{"id":"settings","version":"9"},"event":{"data":{"created":1555625693024,"name":"sortBookmarks","value":false},"id":"UISettings"}}
{"session":"6461bf768ade","build":"183.6156.29","bucket":"-1","time":1555625693011,"group":{"id":"settings","version":"9"},"event":{"data":{"created":1555625693024,"name":"sortLookupElementsLexicographically","value":false},"id":"UISettings"}}
{"session":"6461bf768ade","build":"183.6156.29","bucket":"-1","time":1555625693011,"group":{"id":"settings","version":"9"},"event":{"data":{"created":1555625693024,"name":"useSmallLabelsOnTabs","value":false},"id":"UISettings"}}
{"session":"6461bf768ade","build":"183.6156.29","bucket":"-1","time":1555625693011,"group":{"id":"settings","version":"9"},"event":{"data":{"created":1555625693024,"name":"wideScreenSupport","value":false},"id":"UISettings"}}
{"session":"6461bf768ade","build":"183.6156.29","bucket":"-1","time":1555625693515,"group":{"id":"settings","version":"9"},"event":{"data":{"created":1555625693515,"name":"autoSaveIfInactive","value":false},"id":"GeneralSettings"}}
{"session":"6461bf768ade","build":"183.6156.29","bucket":"-1","time":1555625693515,"group":{"id":"settings","version":"9"},"event":{"data":{"created":1555625693515,"name":"confirmExit","value":true},"id":"GeneralSettings"}}
{"session":"6461bf768ade","build":"183.6156.29","bucket":"-1","time":1555625693515,"group":{"id":"settings","version":"9"},"event":{"data":{"created":1555625693515,"name":"reopenLastProject","value":true},"id":"GeneralSettings"}}
{"session":"6461bf768ade","build":"183.6156.29","bucket":"-1","time":1555625693515,"group":{"id":"settings","version":"9"},"event":{"data":{"created":1555625693515,"name":"saveOnFrameDeactivation","value":true},"id":"GeneralSettings"}}
{"session":"6461bf768ade","build":"183.6156.29","bucket":"-1","time":1555625693515,"group":{"id":"settings","version":"9"},"event":{"data":{"created":1555625693515,"name":"searchInBackground","value":false},"id":"GeneralSettings"}}
{"session":"6461bf768ade","build":"183.6156.29","bucket":"-1","time":1555625693515,"group":{"id":"settings","version":"9"},"event":{"data":{"created":1555625693516,"name":"showTipsOnStartup","value":true},"id":"GeneralSettings"}}
{"session":"6461bf768ade","build":"183.6156.29","bucket":"-1","time":1555625693515,"group":{"id":"settings","version":"9"},"event":{"data":{"created":1555625693516,"name":"showWelcomeScreen","value":true},"id":"GeneralSettings"}}
{"session":"6461bf768ade","build":"183.6156.29","bucket":"-1","time":1555625693515,"group":{"id":"settings","version":"9"},"event":{"data":{"created":1555625693516,"name":"supportScreenReaders","value":false},"id":"GeneralSettings"}}
{"session":"6461bf768ade","build":"183.6156.29","bucket":"-1","time":1555625693515,"group":{"id":"settings","version":"9"},"event":{"data":{"created":1555625693516,"name":"syncOnFrameActivation","value":true},"id":"GeneralSettings"}}
{"session":"6461bf768ade","build":"183.6156.29","bucket":"-1","time":1555625693515,"group":{"id":"settings","version":"9"},"event":{"data":{"created":1555625693516,"name":"useDefaultBrowser","value":true},"id":"GeneralSettings"}}
{"session":"6461bf768ade","build":"183.6156.29","bucket":"-1","time":1555625693515,"group":{"id":"settings","version":"9"},"event":{"data":{"created":1555625693517,"name":"useSafeWrite","value":true},"id":"GeneralSettings"}}
{"session":"6461bf768ade","build":"183.6156.29","bucket":"-1","time":1555625694407,"group":{"id":"ui.dialogs","version":"9"},"event":{"count":1,"data":{"created":1555625694407,"type":"show"},"id":"com.intellij.openapi.progress.util.ProgressDialog$MyDialogWrapper"}}
{"session":"6461bf768ade","build":"183.6156.29","bucket":"-1","time":1555625694811,"group":{"id":"ui.dialogs","version":"9"},"event":{"count":1,"data":{"code":1,"created":1555625694811,"type":"close"},"id":"com.intellij.openapi.progress.util.ProgressDialog$MyDialogWrapper"}}
{"session":"6461bf768ade","build":"183.6156.29","bucket":"-1","time":1555625694835,"group":{"id":"statistics.lifecycle.project","version":"9"},"event":{"count":1,"data":{"created":1555625694835,"project":"-870078351"},"id":"project.opened"}}
{"session":"6461bf768ade","build":"183.6156.29","bucket":"-1","time":1555625694836,"group":{"id":"lifecycle","version":"9"},"event":{"count":1,"data":{"created":1555625694836},"id":"project.opened"}}
{"session":"6461bf768ade","build":"183.6156.29","bucket":"-1","time":1555625695356,"group":{"id":"ui.dialogs","version":"9"},"event":{"count":1,"data":{"created":1555625695356,"type":"show"},"id":"com.intellij.openapi.progress.util.ProgressDialog$MyDialogWrapper"}}
{"session":"6461bf768ade","build":"183.6156.29","bucket":"-1","time":1555625696602,"group":{"id":"settings","version":"9"},"event":{"data":{"created":1555625696602,"name":"XDebugCanAcceptExternalConnections","project":"-870078351","value":true},"id":"PhpDebugGeneral"}}
{"session":"6461bf768ade","build":"183.6156.29","bucket":"-1","time":1555625696602,"group":{"id":"settings","version":"9"},"event":{"data":{"created":1555625696602,"name":"XDebugShowAddresses","project":"-870078351","value":false},"id":"PhpDebugGeneral"}}
{"session":"6461bf768ade","build":"183.6156.29","bucket":"-1","time":1555625696602,"group":{"id":"settings","version":"9"},"event":{"data":{"created":1555625696602,"name":"breakAtFirstLine","project":"-870078351","value":false},"id":"PhpDebugGeneral"}}
{"session":"6461bf768ade","build":"183.6156.29","bucket":"-1","time":1555625696602,"group":{"id":"settings","version":"9"},"event":{"data":{"created":1555625696602,"name":"detectPathMappingsFromDeploymentConfigurations","project":"-870078351","value":true},"id":"PhpDebugGeneral"}}
{"session":"6461bf768ade","build":"183.6156.29","bucket":"-1","time":1555625696602,"group":{"id":"settings","version":"9"},"event":{"data":{"created":1555625696603,"name":"hideEmptySuperglobals","project":"-870078351","value":true},"id":"PhpDebugGeneral"}}
{"session":"6461bf768ade","build":"183.6156.29","bucket":"-1","time":1555625696602,"group":{"id":"settings","version":"9"},"event":{"data":{"created":1555625696603,"name":"ignoreConnectionsThroughUnregisteredServers","project":"-870078351","value":false},"id":"PhpDebugGeneral"}}
{"session":"6461bf768ade","build":"183.6156.29","bucket":"-1","time":1555625696602,"group":{"id":"settings","version":"9"},"event":{"data":{"created":1555625696603,"name":"importUseStatementsFromContext","project":"-870078351","value":true},"id":"PhpDebugGeneral"}}
{"session":"6461bf768ade","build":"183.6156.29","bucket":"-1","time":1555625696602,"group":{"id":"settings","version":"9"},"event":{"data":{"created":1555625696603,"name":"listeningStarted","project":"-870078351","value":false},"id":"PhpDebugGeneral"}}
{"session":"6461bf768ade","build":"183.6156.29","bucket":"-1","time":1555625696602,"group":{"id":"settings","version":"9"},"event":{"data":{"created":1555625696603,"name":"localPassConfigurationOptions","project":"-870078351","value":true},"id":"PhpDebugGeneral"}}
{"session":"6461bf768ade","build":"183.6156.29","bucket":"-1","time":1555625696602,"group":{"id":"settings","version":"9"},"event":{"data":{"created":1555625696603,"name":"notifyIfSessionWasFinishedWithoutBeingPaused","project":"-870078351","value":true},"id":"PhpDebugGeneral"}}
{"session":"6461bf768ade","build":"183.6156.29","bucket":"-1","time":1555625696602,"group":{"id":"settings","version":"9"},"event":{"data":{"created":1555625696603,"name":"safeEvaluationMode","project":"-870078351","value":true},"id":"PhpDebugGeneral"}}
{"session":"6461bf768ade","build":"183.6156.29","bucket":"-1","time":1555625696602,"group":{"id":"settings","version":"9"},"event":{"data":{"created":1555625696603,"name":"showArrayChildrenInRepl","project":"-870078351","value":true},"id":"PhpDebugGeneral"}}
{"session":"6461bf768ade","build":"183.6156.29","bucket":"-1","time":1555625696602,"group":{"id":"settings","version":"9"},"event":{"data":{"created":1555625696603,"name":"showPreConfigInRemoteDebug","project":"-870078351","value":true},"id":"PhpDebugGeneral"}}
{"session":"6461bf768ade","build":"183.6156.29","bucket":"-1","time":1555625696602,"group":{"id":"settings","version":"9"},"event":{"data":{"created":1555625696603,"name":"showPreConfigInWebPage","project":"-870078351","value":true},"id":"PhpDebugGeneral"}}
{"session":"6461bf768ade","build":"183.6156.29","bucket":"-1","time":1555625696602,"group":{"id":"settings","version":"9"},"event":{"data":{"created":1555625696604,"name":"xdebugForceBreakWhenNoPathMapping","project":"-870078351","value":true},"id":"PhpDebugGeneral"}}
{"session":"6461bf768ade","build":"183.6156.29","bucket":"-1","time":1555625696602,"group":{"id":"settings","version":"9"},"event":{"data":{"created":1555625696604,"name":"xdebugForceBreakWhenOutsideProject","project":"-870078351","value":true},"id":"PhpDebugGeneral"}}
{"session":"6461bf768ade","build":"183.6156.29","bucket":"-1","time":1555625696602,"group":{"id":"settings","version":"9"},"event":{"data":{"created":1555625696604,"name":"zendDebuggerAutoDetectHosts","project":"-870078351","value":true},"id":"PhpDebugGeneral"}}
{"session":"6461bf768ade","build":"183.6156.29","bucket":"-1","time":1555625696602,"group":{"id":"settings","version":"9"},"event":{"data":{"created":1555625696604,"name":"zendDebuggerCanAcceptExternalConnections","project":"-870078351","value":true},"id":"PhpDebugGeneral"}}
{"session":"6461bf768ade","build":"183.6156.29","bucket":"-1","time":1555625696602,"group":{"id":"settings","version":"9"},"event":{"data":{"created":1555625696604,"name":"zendDebuggerIgnoreZRaySystemRequests","project":"-870078351","value":true},"id":"PhpDebugGeneral"}}
{"session":"6461bf768ade","build":"183.6156.29","bucket":"-1","time":1555625696602,"group":{"id":"settings","version":"9"},"event":{"data":{"created":1555625696604,"name":"XDebugCanAcceptExternalConnections","project":"-870078351","value":true},"id":"PhpDebugGeneral"}}
{"session":"6461bf768ade","build":"183.6156.29","bucket":"-1","time":1555625696602,"group":{"id":"settings","version":"9"},"event":{"data":{"created":1555625696604,"name":"XDebugShowAddresses","project":"-870078351","value":false},"id":"PhpDebugGeneral"}}
{"session":"6461bf768ade","build":"183.6156.29","bucket":"-1","time":1555625696602,"group":{"id":"settings","version":"9"},"event":{"data":{"created":1555625696604,"name":"breakAtFirstLine","project":"-870078351","value":false},"id":"PhpDebugGeneral"}}
{"session":"6461bf768ade","build":"183.6156.29","bucket":"-1","time":1555625696602,"group":{"id":"settings","version":"9"},"event":{"data":{"created":1555625696604,"name":"detectPathMappingsFromDeploymentConfigurations","project":"-870078351","value":true},"id":"PhpDebugGeneral"}}
{"session":"6461bf768ade","build":"183.6156.29","bucket":"-1","time":1555625696602,"group":{"id":"settings","version":"9"},"event":{"data":{"created":1555625696605,"name":"hideEmptySuperglobals","project":"-870078351","value":true},"id":"PhpDebugGeneral"}}
{"session":"6461bf768ade","build":"183.6156.29","bucket":"-1","time":1555625696602,"group":{"id":"settings","version":"9"},"event":{"data":{"created":1555625696605,"name":"ignoreConnectionsThroughUnregisteredServers","project":"-870078351","value":false},"id":"PhpDebugGeneral"}}
{"session":"6461bf768ade","build":"183.6156.29","bucket":"-1","time":1555625696602,"group":{"id":"settings","version":"9"},"event":{"data":{"created":1555625696605,"name":"importUseStatementsFromContext","project":"-870078351","value":true},"id":"PhpDebugGeneral"}}
{"session":"6461bf768ade","build":"183.6156.29","bucket":"-1","time":1555625696602,"group":{"id":"settings","version":"9"},"event":{"data":{"created":1555625696605,"name":"listeningStarted","project":"-870078351","value":false},"id":"PhpDebugGeneral"}}
{"session":"6461bf768ade","build":"183.6156.29","bucket":"-1","time":1555625696602,"group":{"id":"settings","version":"9"},"event":{"data":{"created":1555625696605,"name":"localPassConfigurationOptions","project":"-870078351","value":true},"id":"PhpDebugGeneral"}}
{"session":"6461bf768ade","build":"183.6156.29","bucket":"-1","time":1555625696602,"group":{"id":"settings","version":"9"},"event":{"data":{"created":1555625696605,"name":"notifyIfSessionWasFinishedWithoutBeingPaused","project":"-870078351","value":true},"id":"PhpDebugGeneral"}}
{"session":"6461bf768ade","build":"183.6156.29","bucket":"-1","time":1555625696602,"group":{"id":"settings","version":"9"},"event":{"data":{"created":1555625696605,"name":"safeEvaluationMode","project":"-870078351","value":true},"id":"PhpDebugGeneral"}}
{"session":"6461bf768ade","build":"183.6156.29","bucket":"-1","time":1555625696602,"group":{"id":"settings","version":"9"},"event":{"data":{"created":1555625696605,"name":"showArrayChildrenInRepl","project":"-870078351","value":true},"id":"PhpDebugGeneral"}}
{"session":"6461bf768ade","build":"183.6156.29","bucket":"-1","time":1555625696602,"group":{"id":"settings","version":"9"},"event":{"data":{"created":1555625696606,"name":"showPreConfigInRemoteDebug","project":"-870078351","value":true},"id":"PhpDebugGeneral"}}
{"session":"6461bf768ade","build":"183.6156.29","bucket":"-1","time":1555625696602,"group":{"id":"settings","version":"9"},"event":{"data":{"created":1555625696606,"name":"showPreConfigInWebPage","project":"-870078351","value":true},"id":"PhpDebugGeneral"}}
{"session":"6461bf768ade","build":"183.6156.29","bucket":"-1","time":1555625696602,"group":{"id":"settings","version":"9"},"event":{"data":{"created":1555625696606,"name":"xdebugForceBreakWhenNoPathMapping","project":"-870078351","value":true},"id":"PhpDebugGeneral"}}
{"session":"6461bf768ade","build":"183.6156.29","bucket":"-1","time":1555625696602,"group":{"id":"settings","version":"9"},"event":{"data":{"created":1555625696606,"name":"xdebugForceBreakWhenOutsideProject","project":"-870078351","value":true},"id":"PhpDebugGeneral"}}
{"session":"6461bf768ade","build":"183.6156.29","bucket":"-1","time":1555625696602,"group":{"id":"settings","version":"9"},"event":{"data":{"created":1555625696606,"name":"zendDebuggerAutoDetectHosts","project":"-870078351","value":true},"id":"PhpDebugGeneral"}}
{"session":"6461bf768ade","build":"183.6156.29","bucket":"-1","time":1555625696602,"group":{"id":"settings","version":"9"},"event":{"data":{"created":1555625696606,"name":"zendDebuggerCanAcceptExternalConnections","project":"-870078351","value":true},"id":"PhpDebugGeneral"}}
{"session":"6461bf768ade","build":"183.6156.29","bucket":"-1","time":1555625696602,"group":{"id":"settings","version":"9"},"event":{"data":{"created":1555625696607,"name":"zendDebuggerIgnoreZRaySystemRequests","project":"-870078351","value":true},"id":"PhpDebugGeneral"}}
{"session":"6461bf768ade","build":"183.6156.29","bucket":"-1","time":1555625696664,"group":{"id":"toolwindow.v2","version":"9"},"event":{"count":1,"data":{"created":1555625696664,"data_1":"Windows"},"id":"Project_by_Activation"}}
{"session":"6461bf768ade","build":"183.6156.29","bucket":"-1","time":1555625696971,"group":{"id":"statistics.lifecycle.app","version":"9"},"event":{"count":1,"data":{"created":1555625696971},"id":"ide.start"}}
{"session":"6461bf768ade","build":"183.6156.29","bucket":"-1","time":1555625696971,"group":{"id":"lifecycle","version":"9"},"event":{"count":1,"data":{"created":1555625696971},"id":"app.started"}}
{"session":"6461bf768ade","build":"183.6156.29","bucket":"-1","time":1555625697111,"group":{"id":"statistics.ui.tips","version":"9"},"event":{"count":1,"data":{"created":1555625697111},"id":"shown.automatically"}}
{"session":"6461bf768ade","build":"183.6156.29","bucket":"-1","time":1555625697146,"group":{"id":"ui.dialogs","version":"9"},"event":{"count":1,"data":{"created":1555625697147,"type":"show"},"id":"com.intellij.ide.util.TipDialog"}}
{"session":"6461bf768ade","build":"183.6156.29","bucket":"-1","time":1555625697570,"group":{"id":"ui.dialogs","version":"9"},"event":{"count":1,"data":{"code":1,"created":1555625697570,"type":"close"},"id":"com.intellij.openapi.progress.util.ProgressDialog$MyDialogWrapper"}}
{"session":"6461bf768ade","build":"183.6156.29","bucket":"-1","time":1555625697735,"group":{"id":"statistics.lifecycle.project","version":"9"},"event":{"count":1,"data":{"created":1555625697735,"project":"-870078351"},"id":"project.open.time.3"}}
{"session":"6461bf768ade","build":"183.6156.29","bucket":"-1","time":1555625697735,"group":{"id":"lifecycle","version":"9"},"event":{"count":1,"data":{"created":1555625697735,"time.ms":3730},"id":"project.opening.finished"}}
{"session":"6461bf768ade","build":"183.6156.29","bucket":"-1","time":1555625698438,"group":{"id":"ui.dialogs","version":"9"},"event":{"count":1,"data":{"code":1,"created":1555625698438,"type":"close"},"id":"com.intellij.ide.util.TipDialog"}}
{"session":"6461bf768ade","build":"183.6156.29","bucket":"-1","time":1555625702781,"group":{"id":"actions.v2","version":"9"},"event":{"count":1,"data":{"context_menu":false,"created":1555625702781,"data_1":"Windows","input_event":"Enter"},"id":"EditorEnter"}}
{"session":"6461bf768ade","build":"183.6156.29","bucket":"-1","time":1555625702783,"group":{"id":"statistics.file.types.edit","version":"9"},"event":{"count":1,"data":{"created":1555625702783,"project":"-870078351"},"id":"Scratch"}}
{"session":"6461bf768ade","build":"183.6156.29","bucket":"-1","time":1555625705382,"group":{"id":"actions.v2","version":"9"},"event":{"count":1,"data":{"context_menu":false,"created":1555625705382,"data_1":"Windows","input_event":"Backspace"},"id":"EditorBackSpace"}}
{"session":"6461bf768ade","build":"183.6156.29","bucket":"-1","time":1555625708965,"group":{"id":"actions.v2","version":"9"},"event":{"count":1,"data":{"context_menu":false,"created":1555625708965,"data_1":"Windows","input_event":"Enter"},"id":"EditorEnter"}}
{"session":"6461bf768ade","build":"183.6156.29","bucket":"-1","time":1555625715270,"group":{"id":"statistics.productivity","version":"9"},"event":{"count":1,"data":{"created":1555625715270},"id":"editing.completion.basic"}}
{"session":"6461bf768ade","build":"183.6156.29","bucket":"-1","time":1555625716558,"group":{"id":"actions.v2","version":"9"},"event":{"count":2,"data":{"context_menu":false,"last":1555625716709,"created":1555625716558,"data_1":"Windows","input_event":"Backspace"},"id":"EditorBackSpace"}}
{"session":"6461bf768ade","build":"183.6156.29","bucket":"-1","time":1555625719790,"group":{"id":"actions.v2","version":"9"},"event":{"count":1,"data":{"context_menu":false,"created":1555625719790,"data_1":"Windows","input_event":"Down"},"id":"EditorDown"}}
{"session":"6461bf768ade","build":"183.6156.29","bucket":"-1","time":1555625720614,"group":{"id":"actions.v2","version":"9"},"event":{"count":1,"data":{"context_menu":false,"created":1555625720614,"data_1":"Windows","input_event":"Enter"},"id":"EditorChooseLookupItem"}}
{"session":"6461bf768ade","build":"183.6156.29","bucket":"-1","time":1555625720619,"group":{"id":"statistics.productivity","version":"9"},"event":{"count":1,"data":{"created":1555625720619},"id":"editing.completion.basic"}}
{"session":"6461bf768ade","build":"183.6156.29","bucket":"-1","time":1555625723342,"group":{"id":"actions.v2","version":"9"},"event":{"count":2,"data":{"context_menu":false,"last":1555625723461,"created":1555625723342,"data_1":"Windows","input_event":"Backspace"},"id":"EditorBackSpace"}}
{"session":"6461bf768ade","build":"183.6156.29","bucket":"-1","time":1555625738614,"group":{"id":"actions.v2","version":"9"},"event":{"count":1,"data":{"context_menu":false,"created":1555625738615,"data_1":"Windows","input_event":"Enter"},"id":"EditorEnter"}}
{"session":"6461bf768ade","build":"183.6156.29","bucket":"-1","time":1555625751548,"group":{"id":"actions.v2","version":"9"},"event":{"count":1,"data":{"context_menu":false,"created":1555625751548,"data_1":"Windows","input_event":"Ctrl+C"},"id":"EditorCopy"}}
{"session":"6461bf768ade","build":"183.6156.29","bucket":"-1","time":1555625760279,"group":{"id":"actions.v2","version":"9"},"event":{"count":1,"data":{"context_menu":false,"created":1555625760279,"data_1":"Windows","input_event":"Ctrl+V"},"id":"EditorPaste"}}
{"session":"6461bf768ade","build":"183.6156.29","bucket":"-1","time":1555625766023,"group":{"id":"actions.v2","version":"9"},"event":{"count":1,"data":{"context_menu":false,"created":1555625766023,"data_1":"Windows","input_event":"Backspace"},"id":"EditorBackSpace"}}
{"session":"6461bf768ade","build":"183.6156.29","bucket":"-1","time":1555625767850,"group":{"id":"actions.v2","version":"9"},"event":{"count":1,"data":{"context_menu":false,"created":1555625767850,"data_1":"Windows","input_event":"Right"},"id":"EditorRight"}}
{"session":"6461bf768ade","build":"183.6156.29","bucket":"-1","time":1555625768270,"group":{"id":"actions.v2","version":"9"},"event":{"count":1,"data":{"context_menu":false,"created":1555625768270,"data_1":"Windows","input_event":"Backspace"},"id":"EditorBackSpace"}}
{"session":"6461bf768ade","build":"183.6156.29","bucket":"-1","time":1555625788126,"group":{"id":"actions.v2","version":"9"},"event":{"count":1,"data":{"context_menu":false,"created":1555625788126,"data_1":"Windows","input_event":"Ctrl+V"},"id":"EditorPaste"}}
{"session":"6461bf768ade","build":"183.6156.29","bucket":"-1","time":1555625789719,"group":{"id":"statistics.file.types.edit","version":"9"},"event":{"count":1,"data":{"created":1555625789719,"project":"-870078351"},"id":"Scratch"}}
{"session":"6461bf768ade","build":"183.6156.29","bucket":"-1","time":1555625794661,"group":{"id":"statistics.ui.toolbar.clicks","version":"9"},"event":{"count":1,"data":{"created":1555625794661,"data_1":"Windows"},"id":"com.intellij.ide.browsers.actions.BaseOpenInBrowserAction@ContextToolbar"}}
{"session":"6461bf768ade","build":"183.6156.29","bucket":"-1","time":1555625809221,"group":{"id":"actions.v2","version":"9"},"event":{"count":4,"data":{"context_menu":false,"last":1555625822365,"created":1555625809221,"data_1":"Windows","input_event":"Backspace"},"id":"EditorBackSpace"}}
{"session":"6461bf768ade","build":"183.6156.29","bucket":"-1","time":1555625833898,"group":{"id":"actions.v2","version":"9"},"event":{"count":4,"data":{"context_menu":false,"last":1555625834589,"created":1555625833898,"data_1":"Windows","input_event":"Backspace"},"id":"EditorBackSpace"}}
{"session":"6461bf768ade","build":"183.6156.29","bucket":"-1","time":1555625850462,"group":{"id":"statistics.file.types.edit","version":"9"},"event":{"count":1,"data":{"created":1555625850462,"project":"-870078351"},"id":"Scratch"}}
{"session":"6461bf768ade","build":"183.6156.29","bucket":"-1","time":1555625860726,"group":{"id":"actions.v2","version":"9"},"event":{"count":1,"data":{"context_menu":false,"created":1555625860726,"data_1":"Windows","input_event":"Enter"},"id":"EditorEnter"}}
{"session":"6461bf768ade","build":"183.6156.29","bucket":"-1","time":1555625869758,"group":{"id":"actions.v2","version":"9"},"event":{"count":1,"data":{"context_menu":false,"created":1555625869758,"data_1":"Windows","input_event":"Ctrl+C"},"id":"EditorCopy"}}
{"session":"6461bf768ade","build":"183.6156.29","bucket":"-1","time":1555625871253,"group":{"id":"actions.v2","version":"9"},"event":{"count":1,"data":{"context_menu":false,"created":1555625871253,"data_1":"Windows","input_event":"Ctrl+V"},"id":"EditorPaste"}}
{"session":"6461bf768ade","build":"183.6156.29","bucket":"-1","time":1555625910029,"group":{"id":"actions.v2","version":"9"},"event":{"count":1,"data":{"context_menu":false,"created":1555625910029,"data_1":"Windows","input_event":"Ctrl+V"},"id":"EditorPaste"}}
{"session":"6461bf768ade","build":"183.6156.29","bucket":"-1","time":1555625912150,"group":{"id":"statistics.file.types.edit","version":"9"},"event":{"count":1,"data":{"created":1555625912150,"project":"-870078351"},"id":"Scratch"}}
{"session":"6461bf768ade","build":"183.6156.29","bucket":"-1","time":1555625914413,"group":{"id":"actions.v2","version":"9"},"event":{"count":5,"data":{"context_menu":false,"last":1555625915197,"created":1555625914413,"data_1":"Windows","input_event":"Backspace"},"id":"EditorBackSpace"}}
{"session":"6461bf768ade","build":"183.6156.29","bucket":"-1","time":1555625932301,"group":{"id":"actions.v2","version":"9"},"event":{"count":11,"data":{"context_menu":false,"last":1555625938389,"created":1555625932301,"data_1":"Windows","input_event":"Backspace"},"id":"EditorBackSpace"}}
{"session":"6461bf768ade","build":"183.6156.29","bucket":"-1","time":1555625942294,"group":{"id":"actions.v2","version":"9"},"event":{"count":1,"data":{"context_menu":false,"created":1555625942294,"data_1":"Windows","input_event":"Enter"},"id":"EditorEnter"}}
{"session":"6461bf768ade","build":"183.6156.29","bucket":"-1","time":1555625943225,"group":{"id":"actions.v2","version":"9"},"event":{"count":1,"data":{"context_menu":false,"created":1555625943225,"data_1":"Windows","input_event":"Ctrl+V"},"id":"EditorPaste"}}
{"session":"6461bf768ade","build":"183.6156.29","bucket":"-1","time":1555625944645,"group":{"id":"actions.v2","version":"9"},"event":{"count":32,"data":{"context_menu":false,"last":1555625946919,"created":1555625944645,"data_1":"Windows","input_event":"Backspace"},"id":"EditorBackSpace"}}
{"session":"6461bf768ade","build":"183.6156.29","bucket":"-1","time":1555625955689,"group":{"id":"actions.v2","version":"9"},"event":{"count":1,"data":{"context_menu":false,"created":1555625955689,"data_1":"Windows","input_event":"Ctrl+C"},"id":"EditorCopy"}}
{"session":"6461bf768ade","build":"183.6156.29","bucket":"-1","time":1555625957325,"group":{"id":"actions.v2","version":"9"},"event":{"count":1,"data":{"context_menu":false,"created":1555625957325,"data_1":"Windows","input_event":"Enter"},"id":"EditorEnter"}}
{"session":"6461bf768ade","build":"183.6156.29","bucket":"-1","time":1555625958270,"group":{"id":"actions.v2","version":"9"},"event":{"count":1,"data":{"context_menu":false,"created":1555625958270,"data_1":"Windows","input_event":"Ctrl+V"},"id":"EditorPaste"}}
{"session":"6461bf768ade","build":"183.6156.29","bucket":"-1","time":1555625974709,"group":{"id":"actions.v2","version":"9"},"event":{"count":1,"data":{"context_menu":false,"created":1555625974709,"data_1":"Windows","input_event":"Ctrl+V"},"id":"EditorPaste"}}
{"session":"6461bf768ade","build":"183.6156.29","bucket":"-1","time":1555625979694,"group":{"id":"actions.v2","version":"9"},"event":{"count":5,"data":{"context_menu":false,"last":1555625981176,"created":1555625979694,"data_1":"Windows","input_event":"Backspace"},"id":"EditorBackSpace"}}
{"session":"6461bf768ade","build":"183.6156.29","bucket":"-1","time":1555625985750,"group":{"id":"statistics.file.types.edit","version":"9"},"event":{"count":1,"data":{"created":1555625985750,"project":"-870078351"},"id":"Scratch"}}
{"session":"6461bf768ade","build":"183.6156.29","bucket":"-1","time":1555626001022,"group":{"id":"actions.v2","version":"9"},"event":{"count":4,"data":{"context_menu":false,"last":1555626010237,"created":1555626001022,"data_1":"Windows","input_event":"Backspace"},"id":"EditorBackSpace"}}
{"session":"6461bf768ade","build":"183.6156.29","bucket":"-1","time":1555626014390,"group":{"id":"actions.v2","version":"9"},"event":{"count":3,"data":{"context_menu":false,"last":1555626014710,"created":1555626014390,"data_1":"Windows","input_event":"Left"},"id":"EditorLeft"}}
{"session":"6461bf768ade","build":"183.6156.29","bucket":"-1","time":1555626018309,"group":{"id":"statistics.ui.toolbar.clicks","version":"9"},"event":{"count":1,"data":{"created":1555626018309,"data_1":"Windows"},"id":"com.intellij.ide.browsers.actions.BaseOpenInBrowserAction@ContextToolbar"}}
{"session":"6461bf768ade","build":"183.6156.29","bucket":"-1","time":1555626038504,"group":{"id":"statistics.ui.toolbar.clicks","version":"9"},"event":{"count":1,"data":{"created":1555626038504,"data_1":"Windows"},"id":"com.intellij.ide.browsers.actions.BaseOpenInBrowserAction@ContextToolbar"}}
{"session":"6461bf768ade","build":"183.6156.29","bucket":"-1","time":1555626054878,"group":{"id":"actions.v2","version":"9"},"event":{"count":1,"data":{"context_menu":false,"created":1555626054878,"data_1":"Windows","input_event":"Enter"},"id":"EditorEnter"}}
{"session":"6461bf768ade","build":"183.6156.29","bucket":"-1","time":1555626054878,"group":{"id":"statistics.file.types.edit","version":"9"},"event":{"count":1,"data":{"created":1555626054878,"project":"-870078351"},"id":"Scratch"}}
{"session":"6461bf768ade","build":"183.6156.29","bucket":"-1","time":1555626057200,"group":{"id":"actions.v2","version":"9"},"event":{"count":1,"data":{"context_menu":false,"created":1555626057200,"data_1":"Windows","input_event":"Backspace"},"id":"EditorBackSpace"}}
{"session":"6461bf768ade","build":"183.6156.29","bucket":"-1","time":1555626059541,"group":{"id":"actions.v2","version":"9"},"event":{"count":1,"data":{"context_menu":false,"created":1555626059541,"data_1":"Windows","input_event":"Enter"},"id":"EditorChooseLookupItem"}}
{"session":"6461bf768ade","build":"183.6156.29","bucket":"-1","time":1555626059550,"group":{"id":"statistics.productivity","version":"9"},"event":{"count":1,"data":{"created":1555626059550},"id":"editing.completion.basic"}}
{"session":"6461bf768ade","build":"183.6156.29","bucket":"-1","time":1555626064485,"group":{"id":"actions.v2","version":"9"},"event":{"count":1,"data":{"context_menu":false,"created":1555626064485,"data_1":"Windows","input_event":"Ctrl+C"},"id":"EditorCopy"}}
{"session":"6461bf768ade","build":"183.6156.29","bucket":"-1","time":1555626064822,"group":{"id":"actions.v2","version":"9"},"event":{"count":1,"data":{"context_menu":false,"created":1555626064822,"data_1":"Windows","input_event":"Backspace"},"id":"EditorBackSpace"}}
{"session":"6461bf768ade","build":"183.6156.29","bucket":"-1","time":1555626066558,"group":{"id":"actions.v2","version":"9"},"event":{"count":1,"data":{"context_menu":false,"created":1555626066558,"data_1":"Windows","input_event":"Enter"},"id":"EditorEnter"}}
{"session":"6461bf768ade","build":"183.6156.29","bucket":"-1","time":1555626066853,"group":{"id":"actions.v2","version":"9"},"event":{"count":1,"data":{"context_menu":false,"created":1555626066853,"data_1":"Windows","input_event":"Ctrl+V"},"id":"EditorPaste"}}
{"session":"6461bf768ade","build":"183.6156.29","bucket":"-1","time":1555626068312,"group":{"id":"statistics.ui.toolbar.clicks","version":"9"},"event":{"count":1,"data":{"created":1555626068312,"data_1":"Windows"},"id":"com.intellij.ide.browsers.actions.BaseOpenInBrowserAction@ContextToolbar"}}
{"session":"6461bf768ade","build":"183.6156.29","bucket":"-1","time":1555626095288,"group":{"id":"actions.v2","version":"9"},"event":{"count":3,"data":{"context_menu":false,"last":1555626095888,"created":1555626095288,"data_1":"Windows","input_event":"Backspace"},"id":"EditorBackSpace"}}
{"session":"6461bf768ade","build":"183.6156.29","bucket":"-1","time":1555626096519,"group":{"id":"statistics.file.types.edit","version":"9"},"event":{"count":1,"data":{"created":1555626096519,"project":"-870078351"},"id":"Scratch"}}
{"session":"6461bf768ade","build":"183.6156.29","bucket":"-1","time":1555626099224,"group":{"id":"statistics.productivity","version":"9"},"event":{"count":1,"data":{"created":1555626099225},"id":"editing.completion.basic"}}
{"session":"6461bf768ade","build":"183.6156.29","bucket":"-1","time":1555626100465,"group":{"id":"actions.v2","version":"9"},"event":{"count":2,"data":{"context_menu":false,"last":1555626100608,"created":1555626100465,"data_1":"Windows","input_event":"Backspace"},"id":"EditorBackSpace"}}
{"session":"6461bf768ade","build":"183.6156.29","bucket":"-1","time":1555626106831,"group":{"id":"statistics.ui.toolbar.clicks","version":"9"},"event":{"count":1,"data":{"created":1555626106831,"data_1":"Windows"},"id":"com.intellij.ide.browsers.actions.BaseOpenInBrowserAction@ContextToolbar"}}
{"session":"6461bf768ade","build":"183.6156.29","bucket":"-1","time":1555626162129,"group":{"id":"ui.dialogs","version":"9"},"event":{"count":1,"data":{"created":1555626162129,"type":"show"},"id":"com.intellij.openapi.ui.messages.MessageDialog"}}
{"session":"6461bf768ade","build":"183.6156.29","bucket":"-1","time":1555626169431,"group":{"id":"statistics.actions.main.menu.v2","version":"9"},"event":{"count":1,"data":{"created":1555626169431,"data_1":"Windows"},"id":"File_->_Save_All"}}
{"session":"6461bf768ade","build":"183.6156.29","bucket":"-1","time":1555626169435,"group":{"id":"actions.v2","version":"9"},"event":{"count":1,"data":{"context_menu":true,"created":1555626169435,"place":"MainMenu","data_1":"Windows"},"id":"SaveAll"}}
{"session":"6461bf768ade","build":"183.6156.29","bucket":"-1","time":1555626170127,"group":{"id":"ui.dialogs","version":"9"},"event":{"count":1,"data":{"created":1555626170127,"type":"show"},"id":"com.intellij.openapi.ui.messages.MessageDialog"}}
{"session":"6461bf768ade","build":"183.6156.29","bucket":"-1","time":1555626170980,"group":{"id":"statistics.lifecycle.app","version":"9"},"event":{"count":1,"data":{"created":1555626170980},"id":"ide.close"}}
{"session":"6461bf768ade","build":"183.6156.29","bucket":"-1","time":1555626170981,"group":{"id":"lifecycle","version":"9"},"event":{"count":1,"data":{"restart":false,"created":1555626170981},"id":"app.closed"}}
{"session":"6461bf768ade","build":"183.6156.29","bucket":"-1","time":1555626171002,"group":{"id":"statistics.lifecycle.project","version":"9"},"event":{"count":1,"data":{"created":1555626171002,"project":"-870078351"},"id":"project.closed"}}
{"session":"6461bf768ade","build":"183.6156.29","bucket":"-1","time":1555626171019,"group":{"id":"lifecycle","version":"9"},"event":{"count":1,"data":{"created":1555626171019},"id":"project.closed"}}
